<?xml version="1.0" encoding="UTF-8"?>
<coverage generated="1565373539818" clover="3.2.0">
  <project timestamp="1565373539819" name="All files">
    <metrics statements="419" coveredstatements="406" conditionals="134" coveredconditionals="116" methods="131" coveredmethods="127" elements="684" coveredelements="649" complexity="0" loc="419" ncloc="419" packages="15" files="26" classes="26"/>
    <package name="src">
      <metrics statements="17" coveredstatements="17" conditionals="0" coveredconditionals="0" methods="1" coveredmethods="1"/>
      <file name="app.js" path="D:\Professional Applications\Task-App-Refactored\Task-App-Refactored-Custom-Auth\src\app.js">
        <metrics statements="17" coveredstatements="17" conditionals="0" coveredconditionals="0" methods="1" coveredmethods="1"/>
        <line num="10" count="2" type="stmt"/>
        <line num="11" count="2" type="stmt"/>
        <line num="14" count="2" type="stmt"/>
        <line num="17" count="2" type="stmt"/>
        <line num="20" count="2" type="stmt"/>
        <line num="23" count="2" type="stmt"/>
        <line num="24" count="2" type="stmt"/>
        <line num="27" count="2" type="stmt"/>
        <line num="29" count="4" type="stmt"/>
        <line num="32" count="4" type="stmt"/>
        <line num="33" count="4" type="stmt"/>
        <line num="34" count="4" type="stmt"/>
        <line num="37" count="4" type="stmt"/>
        <line num="40" count="4" type="stmt"/>
        <line num="41" count="4" type="stmt"/>
        <line num="44" count="4" type="stmt"/>
        <line num="46" count="4" type="stmt"/>
      </file>
    </package>
    <package name="src.adapters.AWS">
      <metrics statements="31" coveredstatements="31" conditionals="18" coveredconditionals="18" methods="11" coveredmethods="11"/>
      <file name="FileStorageAdapter.js" path="D:\Professional Applications\Task-App-Refactored\Task-App-Refactored-Custom-Auth\src\adapters\AWS\FileStorageAdapter.js">
        <metrics statements="31" coveredstatements="31" conditionals="18" coveredconditionals="18" methods="11" coveredmethods="11"/>
        <line num="15" count="4" type="stmt"/>
        <line num="18" count="4" type="stmt"/>
        <line num="23" count="20" type="stmt"/>
        <line num="24" count="20" type="stmt"/>
        <line num="25" count="20" type="stmt"/>
        <line num="30" count="20" type="stmt"/>
        <line num="52" count="9" type="stmt"/>
        <line num="53" count="9" type="stmt"/>
        <line num="56" count="9" type="stmt"/>
        <line num="59" count="9" type="stmt"/>
        <line num="62" count="9" type="cond" truecount="2" falsecount="0"/>
        <line num="65" count="8" type="cond" truecount="2" falsecount="0"/>
        <line num="68" count="7" type="cond" truecount="2" falsecount="0"/>
        <line num="71" count="8" type="cond" truecount="2" falsecount="0"/>
        <line num="74" count="5" type="stmt"/>
        <line num="81" count="5" type="cond" truecount="2" falsecount="0"/>
        <line num="82" count="4" type="stmt"/>
        <line num="101" count="7" type="stmt"/>
        <line num="102" count="7" type="stmt"/>
        <line num="104" count="7" type="cond" truecount="2" falsecount="0"/>
        <line num="106" count="5" type="stmt"/>
        <line num="110" count="5" type="cond" truecount="2" falsecount="0"/>
        <line num="111" count="4" type="stmt"/>
        <line num="127" count="69" type="stmt"/>
        <line num="128" count="69" type="cond" truecount="2" falsecount="0"/>
        <line num="130" count="64" type="stmt"/>
        <line num="134" count="69" type="stmt"/>
        <line num="146" count="50" type="stmt"/>
        <line num="148" count="50" type="cond" truecount="2" falsecount="0"/>
        <line num="150" count="49" type="stmt"/>
        <line num="165" count="4" type="stmt"/>
      </file>
    </package>
    <package name="src.adapters.sharp">
      <metrics statements="6" coveredstatements="6" conditionals="0" coveredconditionals="0" methods="2" coveredmethods="2"/>
      <file name="ImageProcessingAdapter.js" path="D:\Professional Applications\Task-App-Refactored\Task-App-Refactored-Custom-Auth\src\adapters\sharp\ImageProcessingAdapter.js">
        <metrics statements="6" coveredstatements="6" conditionals="0" coveredconditionals="0" methods="2" coveredmethods="2"/>
        <line num="9" count="3" type="stmt"/>
        <line num="19" count="7" type="stmt"/>
        <line num="32" count="4" type="stmt"/>
        <line num="33" count="4" type="stmt"/>
        <line num="35" count="1" type="stmt"/>
        <line num="40" count="3" type="stmt"/>
      </file>
    </package>
    <package name="src.api.middleware">
      <metrics statements="28" coveredstatements="26" conditionals="5" coveredconditionals="4" methods="4" coveredmethods="4"/>
      <file name="handle-errors.js" path="D:\Professional Applications\Task-App-Refactored\Task-App-Refactored-Custom-Auth\src\api\middleware\handle-errors.js">
        <metrics statements="6" coveredstatements="4" conditionals="5" coveredconditionals="4" methods="1" coveredmethods="1"/>
        <line num="16" count="2" type="stmt"/>
        <line num="18" count="26" type="cond" truecount="4" falsecount="1"/>
        <line num="20" count="26" type="stmt"/>
        <line num="22" count="0" type="stmt"/>
        <line num="24" count="0" type="stmt"/>
        <line num="28" count="2" type="stmt"/>
      </file>
      <file name="index.js" path="D:\Professional Applications\Task-App-Refactored\Task-App-Refactored-Custom-Auth\src\api\middleware\index.js">
        <metrics statements="4" coveredstatements="4" conditionals="0" coveredconditionals="0" methods="0" coveredmethods="0"/>
        <line num="1" count="2" type="stmt"/>
        <line num="2" count="2" type="stmt"/>
        <line num="3" count="2" type="stmt"/>
        <line num="5" count="2" type="stmt"/>
      </file>
      <file name="strip-bearer-token.js" path="D:\Professional Applications\Task-App-Refactored\Task-App-Refactored-Custom-Auth\src\api\middleware\strip-bearer-token.js">
        <metrics statements="7" coveredstatements="7" conditionals="0" coveredconditionals="0" methods="1" coveredmethods="1"/>
        <line num="9" count="2" type="stmt"/>
        <line num="10" count="37" type="stmt"/>
        <line num="12" count="37" type="stmt"/>
        <line num="13" count="27" type="stmt"/>
        <line num="16" count="10" type="stmt"/>
        <line num="17" count="10" type="stmt"/>
        <line num="21" count="2" type="stmt"/>
      </file>
      <file name="verify-auth.js" path="D:\Professional Applications\Task-App-Refactored\Task-App-Refactored-Custom-Auth\src\api\middleware\verify-auth.js">
        <metrics statements="11" coveredstatements="11" conditionals="0" coveredconditionals="0" methods="2" coveredmethods="2"/>
        <line num="11" count="2" type="stmt"/>
        <line num="14" count="2" type="stmt"/>
        <line num="16" count="37" type="stmt"/>
        <line num="17" count="37" type="stmt"/>
        <line num="19" count="37" type="stmt"/>
        <line num="23" count="25" type="stmt"/>
        <line num="26" count="25" type="stmt"/>
        <line num="27" count="25" type="stmt"/>
        <line num="30" count="25" type="stmt"/>
        <line num="33" count="12" type="stmt"/>
        <line num="37" count="2" type="stmt"/>
      </file>
    </package>
    <package name="src.api.routes">
      <metrics statements="64" coveredstatements="64" conditionals="12" coveredconditionals="7" methods="30" coveredmethods="30"/>
      <file name="task.js" path="D:\Professional Applications\Task-App-Refactored\Task-App-Refactored-Custom-Auth\src\api\routes\task.js">
        <metrics statements="25" coveredstatements="25" conditionals="6" coveredconditionals="3" methods="10" coveredmethods="10"/>
        <line num="14" count="2" type="stmt"/>
        <line num="15" count="2" type="stmt"/>
        <line num="18" count="2" type="stmt"/>
        <line num="21" count="2" type="stmt"/>
        <line num="29" count="2" type="stmt"/>
        <line num="30" count="2" type="stmt"/>
        <line num="31" count="1" type="stmt"/>
        <line num="44" count="2" type="stmt"/>
        <line num="45" count="1" type="stmt"/>
        <line num="48" count="1" type="stmt"/>
        <line num="51" count="1" type="cond" truecount="1" falsecount="1"/>
        <line num="52" count="1" type="stmt"/>
        <line num="53" count="1" type="cond" truecount="1" falsecount="1"/>
        <line num="57" count="1" type="stmt"/>
        <line num="65" count="1" type="stmt"/>
        <line num="74" count="2" type="stmt"/>
        <line num="75" count="2" type="stmt"/>
        <line num="76" count="1" type="stmt"/>
        <line num="85" count="4" type="stmt"/>
        <line num="86" count="4" type="stmt"/>
        <line num="87" count="1" type="stmt"/>
        <line num="95" count="2" type="stmt"/>
        <line num="96" count="2" type="stmt"/>
        <line num="97" count="1" type="stmt"/>
        <line num="100" count="2" type="stmt"/>
      </file>
      <file name="user.js" path="D:\Professional Applications\Task-App-Refactored\Task-App-Refactored-Custom-Auth\src\api\routes\user.js">
        <metrics statements="39" coveredstatements="39" conditionals="6" coveredconditionals="4" methods="20" coveredmethods="20"/>
        <line num="14" count="2" type="stmt"/>
        <line num="15" count="2" type="stmt"/>
        <line num="18" count="2" type="stmt"/>
        <line num="21" count="2" type="stmt"/>
        <line num="24" count="2" type="stmt"/>
        <line num="25" count="2" type="stmt"/>
        <line num="28" count="2" type="stmt"/>
        <line num="35" count="4" type="stmt"/>
        <line num="37" count="4" type="stmt"/>
        <line num="38" count="1" type="stmt"/>
        <line num="46" count="4" type="stmt"/>
        <line num="47" count="4" type="cond" truecount="2" falsecount="0"/>
        <line num="50" count="4" type="stmt"/>
        <line num="51" count="2" type="stmt"/>
        <line num="59" count="2" type="stmt"/>
        <line num="60" count="1" type="stmt"/>
        <line num="61" count="1" type="stmt"/>
        <line num="69" count="2" type="stmt"/>
        <line num="70" count="1" type="stmt"/>
        <line num="71" count="1" type="stmt"/>
        <line num="80" count="2" type="stmt"/>
        <line num="88" count="5" type="stmt"/>
        <line num="89" count="5" type="stmt"/>
        <line num="90" count="4" type="stmt"/>
        <line num="99" count="2" type="stmt"/>
        <line num="100" count="1" type="stmt"/>
        <line num="101" count="1" type="stmt"/>
        <line num="111" count="2" type="stmt"/>
        <line num="113" count="2" type="stmt"/>
        <line num="116" count="1" type="cond" truecount="1" falsecount="1"/>
        <line num="119" count="1" type="cond" truecount="1" falsecount="1"/>
        <line num="120" count="1" type="stmt"/>
        <line num="130" count="2" type="stmt"/>
        <line num="131" count="2" type="stmt"/>
        <line num="132" count="2" type="stmt"/>
        <line num="141" count="3" type="stmt"/>
        <line num="142" count="3" type="stmt"/>
        <line num="143" count="2" type="stmt"/>
        <line num="146" count="2" type="stmt"/>
      </file>
    </package>
    <package name="src.config.AWS">
      <metrics statements="4" coveredstatements="4" conditionals="0" coveredconditionals="0" methods="0" coveredmethods="0"/>
      <file name="aws.js" path="D:\Professional Applications\Task-App-Refactored\Task-App-Refactored-Custom-Auth\src\config\AWS\aws.js">
        <metrics statements="4" coveredstatements="4" conditionals="0" coveredconditionals="0" methods="0" coveredmethods="0"/>
        <line num="10" count="2" type="stmt"/>
        <line num="13" count="2" type="stmt"/>
        <line num="15" count="2" type="stmt"/>
        <line num="20" count="2" type="stmt"/>
      </file>
    </package>
    <package name="src.config.application">
      <metrics statements="9" coveredstatements="6" conditionals="0" coveredconditionals="0" methods="7" coveredmethods="4"/>
      <file name="config.js" path="D:\Professional Applications\Task-App-Refactored\Task-App-Refactored-Custom-Auth\src\config\application\config.js">
        <metrics statements="9" coveredstatements="6" conditionals="0" coveredconditionals="0" methods="7" coveredmethods="4"/>
        <line num="19" count="4" type="stmt"/>
        <line num="21" count="0" type="stmt"/>
        <line num="24" count="2" type="stmt"/>
        <line num="25" count="2" type="stmt"/>
        <line num="28" count="0" type="stmt"/>
        <line num="32" count="0" type="stmt"/>
        <line num="37" count="82" type="stmt"/>
        <line num="40" count="32" type="stmt"/>
        <line num="45" count="4" type="stmt"/>
      </file>
    </package>
    <package name="src.config.busboy">
      <metrics statements="16" coveredstatements="14" conditionals="2" coveredconditionals="2" methods="5" coveredmethods="4"/>
      <file name="busboy.js" path="D:\Professional Applications\Task-App-Refactored\Task-App-Refactored-Custom-Auth\src\config\busboy\busboy.js">
        <metrics statements="16" coveredstatements="14" conditionals="2" coveredconditionals="2" methods="5" coveredmethods="4"/>
        <line num="8" count="2" type="stmt"/>
        <line num="10" count="2" type="stmt"/>
        <line num="15" count="2" type="stmt"/>
        <line num="16" count="2" type="stmt"/>
        <line num="26" count="2" type="stmt"/>
        <line num="28" count="2" type="stmt"/>
        <line num="29" count="2" type="stmt"/>
        <line num="32" count="2" type="stmt"/>
        <line num="34" count="2" type="stmt"/>
        <line num="37" count="2" type="cond" truecount="2" falsecount="0"/>
        <line num="39" count="1" type="stmt"/>
        <line num="42" count="0" type="stmt"/>
        <line num="43" count="0" type="stmt"/>
        <line num="48" count="2" type="stmt"/>
        <line num="49" count="2" type="stmt"/>
        <line num="52" count="2" type="stmt"/>
      </file>
    </package>
    <package name="src.constants">
      <metrics statements="2" coveredstatements="2" conditionals="0" coveredconditionals="0" methods="0" coveredmethods="0"/>
      <file name="file-storage.js" path="D:\Professional Applications\Task-App-Refactored\Task-App-Refactored-Custom-Auth\src\constants\file-storage.js">
        <metrics statements="2" coveredstatements="2" conditionals="0" coveredconditionals="0" methods="0" coveredmethods="0"/>
        <line num="5" count="6" type="stmt"/>
        <line num="11" count="6" type="stmt"/>
      </file>
    </package>
    <package name="src.container">
      <metrics statements="14" coveredstatements="14" conditionals="0" coveredconditionals="0" methods="3" coveredmethods="3"/>
      <file name="container-factory.js" path="D:\Professional Applications\Task-App-Refactored\Task-App-Refactored-Custom-Auth\src\container\container-factory.js">
        <metrics statements="14" coveredstatements="14" conditionals="0" coveredconditionals="0" methods="3" coveredmethods="3"/>
        <line num="9" count="2" type="stmt"/>
        <line num="12" count="2" type="stmt"/>
        <line num="13" count="2" type="stmt"/>
        <line num="14" count="2" type="stmt"/>
        <line num="17" count="2" type="stmt"/>
        <line num="20" count="2" type="stmt"/>
        <line num="23" count="2" type="stmt"/>
        <line num="25" count="4" type="stmt"/>
        <line num="30" count="4" type="stmt"/>
        <line num="58" count="4" type="stmt"/>
        <line num="68" count="8" type="stmt"/>
        <line num="72" count="4" type="stmt"/>
        <line num="82" count="48" type="stmt"/>
        <line num="84" count="4" type="stmt"/>
      </file>
    </package>
    <package name="src.custom-exceptions">
      <metrics statements="16" coveredstatements="16" conditionals="6" coveredconditionals="4" methods="6" coveredmethods="6"/>
      <file name="index.js" path="D:\Professional Applications\Task-App-Refactored\Task-App-Refactored-Custom-Auth\src\custom-exceptions\index.js">
        <metrics statements="16" coveredstatements="16" conditionals="6" coveredconditionals="4" methods="6" coveredmethods="6"/>
        <line num="33" count="103" type="stmt"/>
        <line num="38" count="103" type="stmt"/>
        <line num="41" count="103" type="stmt"/>
        <line num="42" count="103" type="stmt"/>
        <line num="53" count="103" type="stmt"/>
        <line num="66" count="42" type="cond" truecount="1" falsecount="1"/>
        <line num="67" count="42" type="stmt"/>
        <line num="70" count="42" type="stmt"/>
        <line num="82" count="44" type="cond" truecount="2" falsecount="0"/>
        <line num="85" count="44" type="stmt"/>
        <line num="97" count="15" type="cond" truecount="1" falsecount="1"/>
        <line num="98" count="15" type="stmt"/>
        <line num="101" count="15" type="stmt"/>
        <line num="113" count="2" type="stmt"/>
        <line num="116" count="2" type="stmt"/>
        <line num="120" count="7" type="stmt"/>
      </file>
    </package>
    <package name="src.db">
      <metrics statements="2" coveredstatements="2" conditionals="0" coveredconditionals="0" methods="1" coveredmethods="1"/>
      <file name="mongoose.js" path="D:\Professional Applications\Task-App-Refactored\Task-App-Refactored-Custom-Auth\src\db\mongoose.js">
        <metrics statements="2" coveredstatements="2" conditionals="0" coveredconditionals="0" methods="1" coveredmethods="1"/>
        <line num="9" count="2" type="stmt"/>
        <line num="12" count="2" type="stmt"/>
      </file>
    </package>
    <package name="src.models">
      <metrics statements="13" coveredstatements="12" conditionals="4" coveredconditionals="3" methods="2" coveredmethods="2"/>
      <file name="task.js" path="D:\Professional Applications\Task-App-Refactored\Task-App-Refactored-Custom-Auth\src\models\task.js">
        <metrics statements="4" coveredstatements="4" conditionals="0" coveredconditionals="0" methods="0" coveredmethods="0"/>
        <line num="10" count="2" type="stmt"/>
        <line num="12" count="2" type="stmt"/>
        <line num="30" count="2" type="stmt"/>
        <line num="32" count="2" type="stmt"/>
      </file>
      <file name="user.js" path="D:\Professional Applications\Task-App-Refactored\Task-App-Refactored-Custom-Auth\src\models\user.js">
        <metrics statements="9" coveredstatements="8" conditionals="4" coveredconditionals="3" methods="2" coveredmethods="2"/>
        <line num="10" count="3" type="stmt"/>
        <line num="11" count="3" type="stmt"/>
        <line num="14" count="3" type="stmt"/>
        <line num="27" count="101" type="cond" truecount="2" falsecount="0"/>
        <line num="28" count="1" type="stmt"/>
        <line num="41" count="100" type="cond" truecount="1" falsecount="1"/>
        <line num="42" count="0" type="stmt"/>
        <line num="63" count="3" type="stmt"/>
        <line num="65" count="3" type="stmt"/>
      </file>
    </package>
    <package name="src.repositories">
      <metrics statements="66" coveredstatements="62" conditionals="28" coveredconditionals="21" methods="18" coveredmethods="18"/>
      <file name="TaskRepository.js" path="D:\Professional Applications\Task-App-Refactored\Task-App-Refactored-Custom-Auth\src\repositories\TaskRepository.js">
        <metrics statements="26" coveredstatements="22" conditionals="14" coveredconditionals="7" methods="8" coveredmethods="8"/>
        <line num="3" count="2" type="stmt"/>
        <line num="8" count="11" type="stmt"/>
        <line num="12" count="1" type="stmt"/>
        <line num="14" count="1" type="stmt"/>
        <line num="15" count="1" type="stmt"/>
        <line num="17" count="1" type="stmt"/>
        <line num="19" count="0" type="cond" truecount="0" falsecount="2"/>
        <line num="24" count="2" type="stmt"/>
        <line num="25" count="2" type="stmt"/>
        <line num="26" count="2" type="cond" truecount="1" falsecount="1"/>
        <line num="28" count="0" type="stmt"/>
        <line num="33" count="1" type="stmt"/>
        <line num="34" count="1" type="stmt"/>
        <line num="35" count="2" type="cond" truecount="1" falsecount="1"/>
        <line num="37" count="0" type="stmt"/>
        <line num="42" count="2" type="stmt"/>
        <line num="44" count="2" type="stmt"/>
        <line num="45" count="2" type="cond" truecount="2" falsecount="0"/>
        <line num="47" count="0" type="cond" truecount="0" falsecount="2"/>
        <line num="59" count="2" type="stmt"/>
        <line num="61" count="2" type="stmt"/>
        <line num="64" count="2" type="cond" truecount="2" falsecount="0"/>
        <line num="67" count="1" type="stmt"/>
        <line num="69" count="1" type="stmt"/>
        <line num="71" count="1" type="stmt"/>
        <line num="76" count="2" type="stmt"/>
      </file>
      <file name="UserRepository.js" path="D:\Professional Applications\Task-App-Refactored\Task-App-Refactored-Custom-Auth\src\repositories\UserRepository.js">
        <metrics statements="40" coveredstatements="40" conditionals="14" coveredconditionals="14" methods="10" coveredmethods="10"/>
        <line num="3" count="4" type="stmt"/>
        <line num="13" count="49" type="stmt"/>
        <line num="30" count="8" type="stmt"/>
        <line num="32" count="8" type="stmt"/>
        <line num="34" count="8" type="stmt"/>
        <line num="36" count="2" type="stmt"/>
        <line num="38" count="6" type="cond" truecount="2" falsecount="0"/>
        <line num="39" count="5" type="cond" truecount="2" falsecount="0"/>
        <line num="52" count="30" type="stmt"/>
        <line num="54" count="30" type="stmt"/>
        <line num="55" count="15" type="stmt"/>
        <line num="57" count="15" type="cond" truecount="2" falsecount="0"/>
        <line num="58" count="14" type="cond" truecount="2" falsecount="0"/>
        <line num="71" count="7" type="stmt"/>
        <line num="73" count="7" type="stmt"/>
        <line num="78" count="3" type="stmt"/>
        <line num="91" count="5" type="stmt"/>
        <line num="93" count="5" type="stmt"/>
        <line num="98" count="3" type="stmt"/>
        <line num="110" count="5" type="stmt"/>
        <line num="112" count="5" type="stmt"/>
        <line num="117" count="3" type="stmt"/>
        <line num="130" count="6" type="stmt"/>
        <line num="132" count="6" type="stmt"/>
        <line num="135" count="3" type="stmt"/>
        <line num="147" count="31" type="stmt"/>
        <line num="148" count="31" type="stmt"/>
        <line num="149" count="30" type="cond" truecount="2" falsecount="0"/>
        <line num="151" count="1" type="stmt"/>
        <line num="163" count="6" type="stmt"/>
        <line num="165" count="6" type="stmt"/>
        <line num="166" count="4" type="cond" truecount="2" falsecount="0"/>
        <line num="168" count="2" type="stmt"/>
        <line num="180" count="4" type="stmt"/>
        <line num="182" count="4" type="stmt"/>
        <line num="185" count="3" type="cond" truecount="2" falsecount="0"/>
        <line num="188" count="2" type="stmt"/>
        <line num="190" count="2" type="stmt"/>
        <line num="192" count="2" type="stmt"/>
        <line num="197" count="4" type="stmt"/>
      </file>
    </package>
    <package name="src.services">
      <metrics statements="131" coveredstatements="130" conditionals="59" coveredconditionals="57" methods="41" coveredmethods="41"/>
      <file name="AuthenticationService.js" path="D:\Professional Applications\Task-App-Refactored\Task-App-Refactored-Custom-Auth\src\services\AuthenticationService.js">
        <metrics statements="7" coveredstatements="7" conditionals="0" coveredconditionals="0" methods="3" coveredmethods="3"/>
        <line num="7" count="3" type="stmt"/>
        <line num="17" count="48" type="stmt"/>
        <line num="29" count="3" type="stmt"/>
        <line num="40" count="37" type="stmt"/>
        <line num="42" count="37" type="stmt"/>
        <line num="44" count="12" type="stmt"/>
        <line num="49" count="3" type="stmt"/>
      </file>
      <file name="FileProcessingService.js" path="D:\Professional Applications\Task-App-Refactored\Task-App-Refactored-Custom-Auth\src\services\FileProcessingService.js">
        <metrics statements="10" coveredstatements="9" conditionals="0" coveredconditionals="0" methods="4" coveredmethods="4"/>
        <line num="12" count="48" type="stmt"/>
        <line num="31" count="1" type="stmt"/>
        <line num="33" count="1" type="stmt"/>
        <line num="36" count="1" type="stmt"/>
        <line num="39" count="2" type="stmt"/>
        <line num="47" count="1" type="stmt"/>
        <line num="48" count="2" type="stmt"/>
        <line num="55" count="1" type="stmt"/>
        <line num="57" count="0" type="stmt"/>
        <line num="62" count="2" type="stmt"/>
      </file>
      <file name="FileStorageService.js" path="D:\Professional Applications\Task-App-Refactored\Task-App-Refactored-Custom-Auth\src\services\FileStorageService.js">
        <metrics statements="6" coveredstatements="6" conditionals="0" coveredconditionals="0" methods="3" coveredmethods="3"/>
        <line num="10" count="3" type="stmt"/>
        <line num="15" count="48" type="stmt"/>
        <line num="16" count="48" type="stmt"/>
        <line num="34" count="1" type="stmt"/>
        <line num="37" count="3" type="stmt"/>
        <line num="47" count="3" type="stmt"/>
      </file>
      <file name="PasswordService.js" path="D:\Professional Applications\Task-App-Refactored\Task-App-Refactored-Custom-Auth\src\services\PasswordService.js">
        <metrics statements="4" coveredstatements="4" conditionals="1" coveredconditionals="1" methods="3" coveredmethods="3"/>
        <line num="12" count="48" type="stmt"/>
        <line num="24" count="5" type="stmt"/>
        <line num="38" count="2" type="stmt"/>
        <line num="42" count="3" type="stmt"/>
      </file>
      <file name="TaskService.js" path="D:\Professional Applications\Task-App-Refactored\Task-App-Refactored-Custom-Auth\src\services\TaskService.js">
        <metrics statements="27" coveredstatements="27" conditionals="15" coveredconditionals="13" methods="8" coveredmethods="8"/>
        <line num="19" count="2" type="stmt"/>
        <line num="20" count="2" type="stmt"/>
        <line num="25" count="11" type="stmt"/>
        <line num="27" count="11" type="stmt"/>
        <line num="28" count="11" type="stmt"/>
        <line num="44" count="2" type="cond" truecount="2" falsecount="0"/>
        <line num="47" count="1" type="stmt"/>
        <line num="65" count="1" type="stmt"/>
        <line num="67" count="1" type="cond" truecount="1" falsecount="1"/>
        <line num="69" count="1" type="cond" truecount="1" falsecount="1"/>
        <line num="70" count="1" type="stmt"/>
        <line num="75" count="1" type="stmt"/>
        <line num="94" count="2" type="stmt"/>
        <line num="96" count="2" type="cond" truecount="2" falsecount="0"/>
        <line num="98" count="1" type="stmt"/>
        <line num="103" count="4" type="stmt"/>
        <line num="104" count="4" type="stmt"/>
        <line num="107" count="4" type="cond" truecount="2" falsecount="0"/>
        <line num="110" count="3" type="stmt"/>
        <line num="111" count="4" type="stmt"/>
        <line num="113" count="3" type="cond" truecount="2" falsecount="0"/>
        <line num="117" count="2" type="stmt"/>
        <line num="119" count="2" type="stmt"/>
        <line num="123" count="2" type="cond" truecount="2" falsecount="0"/>
        <line num="125" count="1" type="stmt"/>
        <line num="129" count="2" type="stmt"/>
        <line num="132" count="2" type="stmt"/>
      </file>
      <file name="UserService.js" path="D:\Professional Applications\Task-App-Refactored\Task-App-Refactored-Custom-Auth\src\services\UserService.js">
        <metrics statements="77" coveredstatements="77" conditionals="43" coveredconditionals="43" methods="20" coveredmethods="20"/>
        <line num="19" count="3" type="stmt"/>
        <line num="22" count="3" type="stmt"/>
        <line num="25" count="3" type="stmt"/>
        <line num="42" count="85" type="stmt"/>
        <line num="44" count="85" type="stmt"/>
        <line num="45" count="85" type="stmt"/>
        <line num="46" count="85" type="stmt"/>
        <line num="47" count="85" type="stmt"/>
        <line num="48" count="85" type="stmt"/>
        <line num="49" count="85" type="stmt"/>
        <line num="50" count="85" type="stmt"/>
        <line num="71" count="10" type="stmt"/>
        <line num="73" count="10" type="cond" truecount="4" falsecount="0"/>
        <line num="76" count="8" type="stmt"/>
        <line num="79" count="6" type="stmt"/>
        <line num="86" count="6" type="stmt"/>
        <line num="92" count="2" type="stmt"/>
        <line num="95" count="2" type="stmt"/>
        <line num="97" count="2" type="stmt"/>
        <line num="102" count="8" type="cond" truecount="2" falsecount="0"/>
        <line num="103" count="6" type="cond" truecount="2" falsecount="0"/>
        <line num="104" count="5" type="cond" truecount="2" falsecount="0"/>
        <line num="128" count="10" type="cond" truecount="4" falsecount="0"/>
        <line num="131" count="7" type="stmt"/>
        <line num="134" count="7" type="cond" truecount="4" falsecount="0"/>
        <line num="140" count="7" type="cond" truecount="2" falsecount="0"/>
        <line num="143" count="4" type="stmt"/>
        <line num="146" count="4" type="stmt"/>
        <line num="149" count="4" type="stmt"/>
        <line num="168" count="4" type="stmt"/>
        <line num="182" count="4" type="stmt"/>
        <line num="200" count="29" type="stmt"/>
        <line num="203" count="28" type="cond" truecount="2" falsecount="0"/>
        <line num="206" count="27" type="cond" truecount="2" falsecount="0"/>
        <line num="208" count="2" type="stmt"/>
        <line num="218" count="2" type="stmt"/>
        <line num="242" count="9" type="stmt"/>
        <line num="243" count="9" type="stmt"/>
        <line num="246" count="9" type="cond" truecount="2" falsecount="0"/>
        <line num="249" count="7" type="stmt"/>
        <line num="250" count="13" type="stmt"/>
        <line num="252" count="7" type="cond" truecount="2" falsecount="0"/>
        <line num="256" count="11" type="stmt"/>
        <line num="259" count="5" type="cond" truecount="2" falsecount="0"/>
        <line num="260" count="2" type="stmt"/>
        <line num="263" count="5" type="stmt"/>
        <line num="281" count="3" type="stmt"/>
        <line num="301" count="3" type="stmt"/>
        <line num="304" count="3" type="stmt"/>
        <line num="307" count="2" type="stmt"/>
        <line num="310" count="2" type="stmt"/>
        <line num="311" count="6" type="stmt"/>
        <line num="312" count="6" type="cond" truecount="2" falsecount="0"/>
        <line num="316" count="2" type="stmt"/>
        <line num="318" count="2" type="stmt"/>
        <line num="335" count="5" type="stmt"/>
        <line num="336" count="5" type="stmt"/>
        <line num="339" count="5" type="cond" truecount="4" falsecount="0"/>
        <line num="340" count="3" type="stmt"/>
        <line num="344" count="2" type="stmt"/>
        <line num="345" count="6" type="stmt"/>
        <line num="348" count="2" type="stmt"/>
        <line num="364" count="5" type="stmt"/>
        <line num="365" count="5" type="stmt"/>
        <line num="367" count="4" type="cond" truecount="2" falsecount="0"/>
        <line num="369" count="3" type="stmt"/>
        <line num="371" count="3" type="stmt"/>
        <line num="373" count="2" type="stmt"/>
        <line num="393" count="57" type="stmt"/>
        <line num="394" count="57" type="stmt"/>
        <line num="410" count="31" type="stmt"/>
        <line num="411" count="31" type="stmt"/>
        <line num="431" count="34" type="stmt"/>
        <line num="434" count="34" type="stmt"/>
        <line num="435" count="102" type="cond" truecount="2" falsecount="0"/>
        <line num="442" count="34" type="stmt"/>
        <line num="446" count="3" type="stmt"/>
      </file>
    </package>
  </project>
</coverage>
