{"D:\\Professional Applications\\Task-App-Refactored\\Task-App-Refactored-Custom-Auth\\src\\app.js": {"path":"D:\\Professional Applications\\Task-App-Refactored\\Task-App-Refactored-Custom-Auth\\src\\app.js","statementMap":{"0":{"start":{"line":10,"column":16},"end":{"line":10,"column":34}},"1":{"start":{"line":11,"column":22},"end":{"line":11,"column":55}},"2":{"start":{"line":14,"column":28},"end":{"line":14,"column":53}},"3":{"start":{"line":17,"column":21},"end":{"line":17,"column":62}},"4":{"start":{"line":20,"column":0},"end":{"line":20,"column":32}},"5":{"start":{"line":23,"column":19},"end":{"line":23,"column":47}},"6":{"start":{"line":24,"column":19},"end":{"line":24,"column":47}},"7":{"start":{"line":27,"column":0},"end":{"line":47,"column":2}},"8":{"start":{"line":29,"column":16},"end":{"line":29,"column":25}},"9":{"start":{"line":32,"column":4},"end":{"line":32,"column":28}},"10":{"start":{"line":33,"column":4},"end":{"line":33,"column":52}},"11":{"start":{"line":34,"column":4},"end":{"line":34,"column":29}},"12":{"start":{"line":37,"column":4},"end":{"line":37,"column":40}},"13":{"start":{"line":40,"column":4},"end":{"line":40,"column":41}},"14":{"start":{"line":41,"column":4},"end":{"line":41,"column":41}},"15":{"start":{"line":44,"column":4},"end":{"line":44,"column":26}},"16":{"start":{"line":46,"column":4},"end":{"line":46,"column":15}}},"fnMap":{"0":{"name":"(anonymous_0)","decl":{"start":{"line":27,"column":17},"end":{"line":27,"column":18}},"loc":{"start":{"line":27,"column":30},"end":{"line":47,"column":1}},"line":27}},"branchMap":{},"s":{"0":2,"1":2,"2":2,"3":2,"4":2,"5":2,"6":2,"7":2,"8":4,"9":4,"10":4,"11":4,"12":4,"13":4,"14":4,"15":4,"16":4},"f":{"0":4},"b":{},"_coverageSchema":"43e27e138ebf9cfc5966b082cf9a028302ed4184","hash":"9ffa6d169e87cb66516fd37f1c78a5f5694dbd3b"}
,"D:\\Professional Applications\\Task-App-Refactored\\Task-App-Refactored-Custom-Auth\\src\\adapters\\AWS\\FileStorageAdapter.js": {"path":"D:\\Professional Applications\\Task-App-Refactored\\Task-App-Refactored-Custom-Auth\\src\\adapters\\AWS\\FileStorageAdapter.js","statementMap":{"0":{"start":{"line":15,"column":13},"end":{"line":15,"column":34}},"1":{"start":{"line":18,"column":36},"end":{"line":18,"column":77}},"2":{"start":{"line":23,"column":8},"end":{"line":23,"column":31}},"3":{"start":{"line":24,"column":8},"end":{"line":24,"column":35}},"4":{"start":{"line":25,"column":8},"end":{"line":25,"column":66}},"5":{"start":{"line":30,"column":8},"end":{"line":36,"column":11}},"6":{"start":{"line":52,"column":8},"end":{"line":88,"column":11}},"7":{"start":{"line":53,"column":67},"end":{"line":53,"column":83}},"8":{"start":{"line":56,"column":27},"end":{"line":56,"column":68}},"9":{"start":{"line":59,"column":29},"end":{"line":59,"column":50}},"10":{"start":{"line":62,"column":12},"end":{"line":62,"column":93}},"11":{"start":{"line":62,"column":27},"end":{"line":62,"column":93}},"12":{"start":{"line":65,"column":12},"end":{"line":65,"column":123}},"13":{"start":{"line":65,"column":25},"end":{"line":65,"column":123}},"14":{"start":{"line":68,"column":12},"end":{"line":68,"column":80}},"15":{"start":{"line":68,"column":26},"end":{"line":68,"column":80}},"16":{"start":{"line":71,"column":12},"end":{"line":71,"column":164}},"17":{"start":{"line":71,"column":56},"end":{"line":71,"column":89}},"18":{"start":{"line":71,"column":92},"end":{"line":71,"column":164}},"19":{"start":{"line":74,"column":12},"end":{"line":87,"column":15}},"20":{"start":{"line":81,"column":16},"end":{"line":81,"column":44}},"21":{"start":{"line":81,"column":25},"end":{"line":81,"column":44}},"22":{"start":{"line":82,"column":16},"end":{"line":86,"column":19}},"23":{"start":{"line":101,"column":8},"end":{"line":113,"column":11}},"24":{"start":{"line":102,"column":27},"end":{"line":102,"column":68}},"25":{"start":{"line":104,"column":12},"end":{"line":104,"column":123}},"26":{"start":{"line":104,"column":25},"end":{"line":104,"column":123}},"27":{"start":{"line":106,"column":12},"end":{"line":112,"column":15}},"28":{"start":{"line":110,"column":16},"end":{"line":110,"column":44}},"29":{"start":{"line":110,"column":25},"end":{"line":110,"column":44}},"30":{"start":{"line":111,"column":16},"end":{"line":111,"column":33}},"31":{"start":{"line":127,"column":8},"end":{"line":132,"column":11}},"32":{"start":{"line":128,"column":12},"end":{"line":131,"column":13}},"33":{"start":{"line":130,"column":16},"end":{"line":130,"column":36}},"34":{"start":{"line":134,"column":8},"end":{"line":134,"column":22}},"35":{"start":{"line":146,"column":23},"end":{"line":146,"column":64}},"36":{"start":{"line":148,"column":8},"end":{"line":148,"column":107}},"37":{"start":{"line":148,"column":21},"end":{"line":148,"column":107}},"38":{"start":{"line":150,"column":8},"end":{"line":150,"column":76}},"39":{"start":{"line":165,"column":0},"end":{"line":165,"column":36}}},"fnMap":{"0":{"name":"(anonymous_0)","decl":{"start":{"line":21,"column":4},"end":{"line":21,"column":5}},"loc":{"start":{"line":21,"column":36},"end":{"line":37,"column":5}},"line":21},"1":{"name":"(anonymous_1)","decl":{"start":{"line":50,"column":4},"end":{"line":50,"column":5}},"loc":{"start":{"line":50,"column":33},"end":{"line":89,"column":5}},"line":50},"2":{"name":"(anonymous_2)","decl":{"start":{"line":52,"column":27},"end":{"line":52,"column":28}},"loc":{"start":{"line":52,"column":48},"end":{"line":88,"column":9}},"line":52},"3":{"name":"(anonymous_3)","decl":{"start":{"line":71,"column":46},"end":{"line":71,"column":47}},"loc":{"start":{"line":71,"column":56},"end":{"line":71,"column":89}},"line":71},"4":{"name":"(anonymous_4)","decl":{"start":{"line":80,"column":15},"end":{"line":80,"column":16}},"loc":{"start":{"line":80,"column":30},"end":{"line":87,"column":13}},"line":80},"5":{"name":"(anonymous_5)","decl":{"start":{"line":99,"column":4},"end":{"line":99,"column":5}},"loc":{"start":{"line":99,"column":38},"end":{"line":114,"column":5}},"line":99},"6":{"name":"(anonymous_6)","decl":{"start":{"line":101,"column":27},"end":{"line":101,"column":28}},"loc":{"start":{"line":101,"column":48},"end":{"line":113,"column":9}},"line":101},"7":{"name":"(anonymous_7)","decl":{"start":{"line":109,"column":15},"end":{"line":109,"column":16}},"loc":{"start":{"line":109,"column":30},"end":{"line":112,"column":13}},"line":109},"8":{"name":"(anonymous_8)","decl":{"start":{"line":123,"column":4},"end":{"line":123,"column":5}},"loc":{"start":{"line":123,"column":41},"end":{"line":135,"column":5}},"line":123},"9":{"name":"(anonymous_9)","decl":{"start":{"line":127,"column":31},"end":{"line":127,"column":32}},"loc":{"start":{"line":127,"column":38},"end":{"line":132,"column":9}},"line":127},"10":{"name":"(anonymous_10)","decl":{"start":{"line":145,"column":4},"end":{"line":145,"column":5}},"loc":{"start":{"line":145,"column":46},"end":{"line":151,"column":5}},"line":145}},"branchMap":{"0":{"loc":{"start":{"line":62,"column":12},"end":{"line":62,"column":93}},"type":"if","locations":[{"start":{"line":62,"column":12},"end":{"line":62,"column":93}},{"start":{"line":62,"column":12},"end":{"line":62,"column":93}}],"line":62},"1":{"loc":{"start":{"line":65,"column":12},"end":{"line":65,"column":123}},"type":"if","locations":[{"start":{"line":65,"column":12},"end":{"line":65,"column":123}},{"start":{"line":65,"column":12},"end":{"line":65,"column":123}}],"line":65},"2":{"loc":{"start":{"line":68,"column":12},"end":{"line":68,"column":80}},"type":"if","locations":[{"start":{"line":68,"column":12},"end":{"line":68,"column":80}},{"start":{"line":68,"column":12},"end":{"line":68,"column":80}}],"line":68},"3":{"loc":{"start":{"line":71,"column":12},"end":{"line":71,"column":164}},"type":"if","locations":[{"start":{"line":71,"column":12},"end":{"line":71,"column":164}},{"start":{"line":71,"column":12},"end":{"line":71,"column":164}}],"line":71},"4":{"loc":{"start":{"line":81,"column":16},"end":{"line":81,"column":44}},"type":"if","locations":[{"start":{"line":81,"column":16},"end":{"line":81,"column":44}},{"start":{"line":81,"column":16},"end":{"line":81,"column":44}}],"line":81},"5":{"loc":{"start":{"line":104,"column":12},"end":{"line":104,"column":123}},"type":"if","locations":[{"start":{"line":104,"column":12},"end":{"line":104,"column":123}},{"start":{"line":104,"column":12},"end":{"line":104,"column":123}}],"line":104},"6":{"loc":{"start":{"line":110,"column":16},"end":{"line":110,"column":44}},"type":"if","locations":[{"start":{"line":110,"column":16},"end":{"line":110,"column":44}},{"start":{"line":110,"column":16},"end":{"line":110,"column":44}}],"line":110},"7":{"loc":{"start":{"line":128,"column":12},"end":{"line":131,"column":13}},"type":"if","locations":[{"start":{"line":128,"column":12},"end":{"line":131,"column":13}},{"start":{"line":128,"column":12},"end":{"line":131,"column":13}}],"line":128},"8":{"loc":{"start":{"line":148,"column":8},"end":{"line":148,"column":107}},"type":"if","locations":[{"start":{"line":148,"column":8},"end":{"line":148,"column":107}},{"start":{"line":148,"column":8},"end":{"line":148,"column":107}}],"line":148}},"s":{"0":4,"1":4,"2":20,"3":20,"4":20,"5":20,"6":9,"7":9,"8":9,"9":9,"10":9,"11":1,"12":8,"13":1,"14":7,"15":1,"16":6,"17":8,"18":1,"19":5,"20":5,"21":1,"22":4,"23":7,"24":7,"25":7,"26":2,"27":5,"28":5,"29":1,"30":4,"31":69,"32":69,"33":64,"34":69,"35":50,"36":50,"37":1,"38":49,"39":4},"f":{"0":20,"1":9,"2":9,"3":8,"4":5,"5":7,"6":7,"7":5,"8":69,"9":69,"10":50},"b":{"0":[1,8],"1":[1,7],"2":[1,6],"3":[1,5],"4":[1,4],"5":[2,5],"6":[1,4],"7":[64,5],"8":[1,49]},"_coverageSchema":"43e27e138ebf9cfc5966b082cf9a028302ed4184","hash":"ad7b406a94355acc874bb68947ae92a020ad1ecf"}
,"D:\\Professional Applications\\Task-App-Refactored\\Task-App-Refactored-Custom-Auth\\src\\adapters\\sharp\\ImageProcessingAdapter.js": {"path":"D:\\Professional Applications\\Task-App-Refactored\\Task-App-Refactored-Custom-Auth\\src\\adapters\\sharp\\ImageProcessingAdapter.js","statementMap":{"0":{"start":{"line":9,"column":33},"end":{"line":9,"column":75}},"1":{"start":{"line":19,"column":8},"end":{"line":19,"column":27}},"2":{"start":{"line":32,"column":8},"end":{"line":36,"column":9}},"3":{"start":{"line":33,"column":12},"end":{"line":33,"column":76}},"4":{"start":{"line":35,"column":12},"end":{"line":35,"column":48}},"5":{"start":{"line":40,"column":0},"end":{"line":40,"column":40}}},"fnMap":{"0":{"name":"(anonymous_0)","decl":{"start":{"line":17,"column":4},"end":{"line":17,"column":5}},"loc":{"start":{"line":17,"column":27},"end":{"line":20,"column":5}},"line":17},"1":{"name":"(anonymous_1)","decl":{"start":{"line":31,"column":4},"end":{"line":31,"column":5}},"loc":{"start":{"line":31,"column":70},"end":{"line":37,"column":5}},"line":31}},"branchMap":{},"s":{"0":3,"1":7,"2":4,"3":4,"4":1,"5":3},"f":{"0":7,"1":4},"b":{},"_coverageSchema":"43e27e138ebf9cfc5966b082cf9a028302ed4184","hash":"6f2d5c1fd1b2164ddee82782707d7b37a4d95cdd"}
,"D:\\Professional Applications\\Task-App-Refactored\\Task-App-Refactored-Custom-Auth\\src\\api\\middleware\\handle-errors.js": {"path":"D:\\Professional Applications\\Task-App-Refactored\\Task-App-Refactored-Custom-Auth\\src\\api\\middleware\\handle-errors.js","statementMap":{"0":{"start":{"line":16,"column":21},"end":{"line":26,"column":1}},"1":{"start":{"line":18,"column":4},"end":{"line":25,"column":5}},"2":{"start":{"line":20,"column":8},"end":{"line":20,"column":74}},"3":{"start":{"line":22,"column":8},"end":{"line":22,"column":24}},"4":{"start":{"line":24,"column":8},"end":{"line":24,"column":96}},"5":{"start":{"line":28,"column":0},"end":{"line":28,"column":30}}},"fnMap":{"0":{"name":"(anonymous_0)","decl":{"start":{"line":16,"column":21},"end":{"line":16,"column":22}},"loc":{"start":{"line":16,"column":46},"end":{"line":26,"column":1}},"line":16}},"branchMap":{"0":{"loc":{"start":{"line":18,"column":4},"end":{"line":25,"column":5}},"type":"if","locations":[{"start":{"line":18,"column":4},"end":{"line":25,"column":5}},{"start":{"line":18,"column":4},"end":{"line":25,"column":5}}],"line":18},"1":{"loc":{"start":{"line":18,"column":8},"end":{"line":18,"column":63}},"type":"binary-expr","locations":[{"start":{"line":18,"column":8},"end":{"line":18,"column":16}},{"start":{"line":18,"column":20},"end":{"line":18,"column":35}},{"start":{"line":18,"column":39},"end":{"line":18,"column":63}}],"line":18}},"s":{"0":2,"1":26,"2":26,"3":0,"4":0,"5":2},"f":{"0":26},"b":{"0":[26,0],"1":[26,26,26]},"_coverageSchema":"43e27e138ebf9cfc5966b082cf9a028302ed4184","hash":"65a4ac8fd51349b453f38c997291165b069de034"}
,"D:\\Professional Applications\\Task-App-Refactored\\Task-App-Refactored-Custom-Auth\\src\\api\\middleware\\index.js": {"path":"D:\\Professional Applications\\Task-App-Refactored\\Task-App-Refactored-Custom-Auth\\src\\api\\middleware\\index.js","statementMap":{"0":{"start":{"line":1,"column":21},"end":{"line":1,"column":47}},"1":{"start":{"line":2,"column":25},"end":{"line":2,"column":56}},"2":{"start":{"line":3,"column":19},"end":{"line":3,"column":43}},"3":{"start":{"line":5,"column":0},"end":{"line":9,"column":2}}},"fnMap":{},"branchMap":{},"s":{"0":2,"1":2,"2":2,"3":2},"f":{},"b":{},"_coverageSchema":"43e27e138ebf9cfc5966b082cf9a028302ed4184","hash":"b7ceb4c49b887068b00ec503b3d1fd8722020d5b"}
,"D:\\Professional Applications\\Task-App-Refactored\\Task-App-Refactored-Custom-Auth\\src\\api\\middleware\\strip-bearer-token.js": {"path":"D:\\Professional Applications\\Task-App-Refactored\\Task-App-Refactored-Custom-Auth\\src\\api\\middleware\\strip-bearer-token.js","statementMap":{"0":{"start":{"line":9,"column":25},"end":{"line":19,"column":1}},"1":{"start":{"line":10,"column":4},"end":{"line":18,"column":5}},"2":{"start":{"line":12,"column":8},"end":{"line":12,"column":71}},"3":{"start":{"line":13,"column":8},"end":{"line":13,"column":15}},"4":{"start":{"line":16,"column":8},"end":{"line":16,"column":23}},"5":{"start":{"line":17,"column":8},"end":{"line":17,"column":15}},"6":{"start":{"line":21,"column":0},"end":{"line":21,"column":34}}},"fnMap":{"0":{"name":"(anonymous_0)","decl":{"start":{"line":9,"column":25},"end":{"line":9,"column":26}},"loc":{"start":{"line":9,"column":45},"end":{"line":19,"column":1}},"line":9}},"branchMap":{},"s":{"0":2,"1":37,"2":37,"3":27,"4":10,"5":10,"6":2},"f":{"0":37},"b":{},"_coverageSchema":"43e27e138ebf9cfc5966b082cf9a028302ed4184","hash":"7180fef3049db1a42f73769d302562e6a0f68c0b"}
,"D:\\Professional Applications\\Task-App-Refactored\\Task-App-Refactored-Custom-Auth\\src\\api\\middleware\\verify-auth.js": {"path":"D:\\Professional Applications\\Task-App-Refactored\\Task-App-Refactored-Custom-Auth\\src\\api\\middleware\\verify-auth.js","statementMap":{"0":{"start":{"line":11,"column":19},"end":{"line":11,"column":44}},"1":{"start":{"line":14,"column":32},"end":{"line":14,"column":74}},"2":{"start":{"line":16,"column":19},"end":{"line":35,"column":2}},"3":{"start":{"line":16,"column":70},"end":{"line":35,"column":1}},"4":{"start":{"line":17,"column":4},"end":{"line":34,"column":5}},"5":{"start":{"line":19,"column":24},"end":{"line":19,"column":72}},"6":{"start":{"line":23,"column":21},"end":{"line":23,"column":113}},"7":{"start":{"line":26,"column":8},"end":{"line":26,"column":24}},"8":{"start":{"line":27,"column":8},"end":{"line":27,"column":53}},"9":{"start":{"line":30,"column":8},"end":{"line":30,"column":15}},"10":{"start":{"line":33,"column":8},"end":{"line":33,"column":40}},"11":{"start":{"line":37,"column":0},"end":{"line":37,"column":28}}},"fnMap":{"0":{"name":"(anonymous_0)","decl":{"start":{"line":16,"column":26},"end":{"line":16,"column":27}},"loc":{"start":{"line":16,"column":70},"end":{"line":35,"column":1}},"line":16},"1":{"name":"(anonymous_1)","decl":{"start":{"line":16,"column":70},"end":{"line":16,"column":71}},"loc":{"start":{"line":16,"column":96},"end":{"line":35,"column":1}},"line":16}},"branchMap":{},"s":{"0":2,"1":2,"2":2,"3":37,"4":37,"5":37,"6":25,"7":25,"8":25,"9":25,"10":12,"11":2},"f":{"0":37,"1":37},"b":{},"_coverageSchema":"43e27e138ebf9cfc5966b082cf9a028302ed4184","hash":"245a1f5ca4322267635595fa44fd449ff2cdee55"}
,"D:\\Professional Applications\\Task-App-Refactored\\Task-App-Refactored-Custom-Auth\\src\\api\\routes\\task.js": {"path":"D:\\Professional Applications\\Task-App-Refactored\\Task-App-Refactored-Custom-Auth\\src\\api\\routes\\task.js","statementMap":{"0":{"start":{"line":14,"column":16},"end":{"line":14,"column":34}},"1":{"start":{"line":15,"column":19},"end":{"line":15,"column":44}},"2":{"start":{"line":18,"column":41},"end":{"line":18,"column":73}},"3":{"start":{"line":21,"column":15},"end":{"line":21,"column":35}},"4":{"start":{"line":29,"column":0},"end":{"line":32,"column":4}},"5":{"start":{"line":29,"column":75},"end":{"line":32,"column":1}},"6":{"start":{"line":30,"column":17},"end":{"line":30,"column":63}},"7":{"start":{"line":31,"column":4},"end":{"line":31,"column":42}},"8":{"start":{"line":44,"column":0},"end":{"line":66,"column":4}},"9":{"start":{"line":44,"column":74},"end":{"line":66,"column":1}},"10":{"start":{"line":45,"column":47},"end":{"line":45,"column":56}},"11":{"start":{"line":48,"column":17},"end":{"line":48,"column":19}},"12":{"start":{"line":51,"column":4},"end":{"line":54,"column":5}},"13":{"start":{"line":52,"column":22},"end":{"line":52,"column":49}},"14":{"start":{"line":53,"column":8},"end":{"line":53,"column":54}},"15":{"start":{"line":57,"column":18},"end":{"line":63,"column":6}},"16":{"start":{"line":65,"column":4},"end":{"line":65,"column":31}},"17":{"start":{"line":74,"column":0},"end":{"line":77,"column":4}},"18":{"start":{"line":74,"column":77},"end":{"line":77,"column":1}},"19":{"start":{"line":75,"column":17},"end":{"line":75,"column":66}},"20":{"start":{"line":76,"column":4},"end":{"line":76,"column":30}},"21":{"start":{"line":85,"column":0},"end":{"line":88,"column":4}},"22":{"start":{"line":85,"column":79},"end":{"line":88,"column":1}},"23":{"start":{"line":86,"column":24},"end":{"line":86,"column":89}},"24":{"start":{"line":87,"column":4},"end":{"line":87,"column":43}},"25":{"start":{"line":95,"column":0},"end":{"line":98,"column":4}},"26":{"start":{"line":95,"column":80},"end":{"line":98,"column":1}},"27":{"start":{"line":96,"column":4},"end":{"line":96,"column":52}},"28":{"start":{"line":97,"column":4},"end":{"line":97,"column":22}},"29":{"start":{"line":100,"column":0},"end":{"line":100,"column":24}}},"fnMap":{"0":{"name":"(anonymous_0)","decl":{"start":{"line":29,"column":54},"end":{"line":29,"column":55}},"loc":{"start":{"line":29,"column":75},"end":{"line":32,"column":1}},"line":29},"1":{"name":"(anonymous_1)","decl":{"start":{"line":29,"column":75},"end":{"line":29,"column":76}},"loc":{"start":{"line":29,"column":95},"end":{"line":32,"column":1}},"line":29},"2":{"name":"(anonymous_2)","decl":{"start":{"line":44,"column":53},"end":{"line":44,"column":54}},"loc":{"start":{"line":44,"column":74},"end":{"line":66,"column":1}},"line":44},"3":{"name":"(anonymous_3)","decl":{"start":{"line":44,"column":74},"end":{"line":44,"column":75}},"loc":{"start":{"line":44,"column":94},"end":{"line":66,"column":1}},"line":44},"4":{"name":"(anonymous_4)","decl":{"start":{"line":74,"column":56},"end":{"line":74,"column":57}},"loc":{"start":{"line":74,"column":77},"end":{"line":77,"column":1}},"line":74},"5":{"name":"(anonymous_5)","decl":{"start":{"line":74,"column":77},"end":{"line":74,"column":78}},"loc":{"start":{"line":74,"column":97},"end":{"line":77,"column":1}},"line":74},"6":{"name":"(anonymous_6)","decl":{"start":{"line":85,"column":58},"end":{"line":85,"column":59}},"loc":{"start":{"line":85,"column":79},"end":{"line":88,"column":1}},"line":85},"7":{"name":"(anonymous_7)","decl":{"start":{"line":85,"column":79},"end":{"line":85,"column":80}},"loc":{"start":{"line":85,"column":99},"end":{"line":88,"column":1}},"line":85},"8":{"name":"(anonymous_8)","decl":{"start":{"line":95,"column":59},"end":{"line":95,"column":60}},"loc":{"start":{"line":95,"column":80},"end":{"line":98,"column":1}},"line":95},"9":{"name":"(anonymous_9)","decl":{"start":{"line":95,"column":80},"end":{"line":95,"column":81}},"loc":{"start":{"line":95,"column":100},"end":{"line":98,"column":1}},"line":95}},"branchMap":{"0":{"loc":{"start":{"line":51,"column":4},"end":{"line":54,"column":5}},"type":"if","locations":[{"start":{"line":51,"column":4},"end":{"line":54,"column":5}},{"start":{"line":51,"column":4},"end":{"line":54,"column":5}}],"line":51},"1":{"loc":{"start":{"line":53,"column":25},"end":{"line":53,"column":53}},"type":"cond-expr","locations":[{"start":{"line":53,"column":47},"end":{"line":53,"column":49}},{"start":{"line":53,"column":52},"end":{"line":53,"column":53}}],"line":53},"2":{"loc":{"start":{"line":58,"column":19},"end":{"line":58,"column":86}},"type":"cond-expr","locations":[{"start":{"line":58,"column":54},"end":{"line":58,"column":74}},{"start":{"line":58,"column":77},"end":{"line":58,"column":86}}],"line":58}},"s":{"0":2,"1":2,"2":2,"3":2,"4":2,"5":2,"6":2,"7":1,"8":2,"9":1,"10":1,"11":1,"12":1,"13":1,"14":1,"15":1,"16":1,"17":2,"18":2,"19":2,"20":1,"21":2,"22":4,"23":4,"24":1,"25":2,"26":2,"27":2,"28":1,"29":2},"f":{"0":2,"1":2,"2":1,"3":1,"4":2,"5":2,"6":4,"7":4,"8":2,"9":2},"b":{"0":[1,0],"1":[1,0],"2":[1,0]},"_coverageSchema":"43e27e138ebf9cfc5966b082cf9a028302ed4184","hash":"cf82cae77d26425fc2c9a2651f162c873475f070"}
,"D:\\Professional Applications\\Task-App-Refactored\\Task-App-Refactored-Custom-Auth\\src\\api\\routes\\user.js": {"path":"D:\\Professional Applications\\Task-App-Refactored\\Task-App-Refactored-Custom-Auth\\src\\api\\routes\\user.js","statementMap":{"0":{"start":{"line":14,"column":16},"end":{"line":14,"column":34}},"1":{"start":{"line":15,"column":19},"end":{"line":15,"column":44}},"2":{"start":{"line":18,"column":18},"end":{"line":18,"column":57}},"3":{"start":{"line":21,"column":41},"end":{"line":21,"column":73}},"4":{"start":{"line":24,"column":28},"end":{"line":24,"column":70}},"5":{"start":{"line":25,"column":11},"end":{"line":25,"column":24}},"6":{"start":{"line":28,"column":15},"end":{"line":28,"column":35}},"7":{"start":{"line":35,"column":0},"end":{"line":39,"column":4}},"8":{"start":{"line":35,"column":45},"end":{"line":39,"column":1}},"9":{"start":{"line":37,"column":28},"end":{"line":37,"column":74}},"10":{"start":{"line":38,"column":4},"end":{"line":38,"column":49}},"11":{"start":{"line":46,"column":0},"end":{"line":52,"column":4}},"12":{"start":{"line":46,"column":50},"end":{"line":52,"column":1}},"13":{"start":{"line":47,"column":32},"end":{"line":47,"column":108}},"14":{"start":{"line":50,"column":28},"end":{"line":50,"column":72}},"15":{"start":{"line":51,"column":4},"end":{"line":51,"column":37}},"16":{"start":{"line":59,"column":0},"end":{"line":62,"column":4}},"17":{"start":{"line":59,"column":81},"end":{"line":62,"column":1}},"18":{"start":{"line":60,"column":4},"end":{"line":60,"column":44}},"19":{"start":{"line":61,"column":4},"end":{"line":61,"column":22}},"20":{"start":{"line":69,"column":0},"end":{"line":72,"column":4}},"21":{"start":{"line":69,"column":84},"end":{"line":72,"column":1}},"22":{"start":{"line":70,"column":4},"end":{"line":70,"column":38}},"23":{"start":{"line":71,"column":4},"end":{"line":71,"column":22}},"24":{"start":{"line":80,"column":0},"end":{"line":80,"column":147}},"25":{"start":{"line":80,"column":76},"end":{"line":80,"column":144}},"26":{"start":{"line":80,"column":90},"end":{"line":80,"column":144}},"27":{"start":{"line":88,"column":0},"end":{"line":91,"column":4}},"28":{"start":{"line":88,"column":78},"end":{"line":91,"column":1}},"29":{"start":{"line":89,"column":24},"end":{"line":89,"column":70}},"30":{"start":{"line":90,"column":4},"end":{"line":90,"column":43}},"31":{"start":{"line":99,"column":0},"end":{"line":102,"column":4}},"32":{"start":{"line":99,"column":79},"end":{"line":102,"column":1}},"33":{"start":{"line":100,"column":4},"end":{"line":100,"column":35}},"34":{"start":{"line":101,"column":4},"end":{"line":101,"column":22}},"35":{"start":{"line":111,"column":0},"end":{"line":121,"column":4}},"36":{"start":{"line":111,"column":84},"end":{"line":121,"column":1}},"37":{"start":{"line":113,"column":21},"end":{"line":113,"column":41}},"38":{"start":{"line":116,"column":4},"end":{"line":116,"column":63}},"39":{"start":{"line":116,"column":33},"end":{"line":116,"column":63}},"40":{"start":{"line":119,"column":17},"end":{"line":119,"column":65}},"41":{"start":{"line":120,"column":4},"end":{"line":120,"column":42}},"42":{"start":{"line":130,"column":0},"end":{"line":133,"column":4}},"43":{"start":{"line":130,"column":86},"end":{"line":133,"column":1}},"44":{"start":{"line":131,"column":4},"end":{"line":131,"column":41}},"45":{"start":{"line":132,"column":4},"end":{"line":132,"column":22}},"46":{"start":{"line":141,"column":0},"end":{"line":144,"column":4}},"47":{"start":{"line":141,"column":54},"end":{"line":144,"column":1}},"48":{"start":{"line":142,"column":23},"end":{"line":142,"column":81}},"49":{"start":{"line":143,"column":4},"end":{"line":143,"column":37}},"50":{"start":{"line":146,"column":0},"end":{"line":146,"column":24}}},"fnMap":{"0":{"name":"(anonymous_0)","decl":{"start":{"line":35,"column":24},"end":{"line":35,"column":25}},"loc":{"start":{"line":35,"column":45},"end":{"line":39,"column":1}},"line":35},"1":{"name":"(anonymous_1)","decl":{"start":{"line":35,"column":45},"end":{"line":35,"column":46}},"loc":{"start":{"line":35,"column":65},"end":{"line":39,"column":1}},"line":35},"2":{"name":"(anonymous_2)","decl":{"start":{"line":46,"column":29},"end":{"line":46,"column":30}},"loc":{"start":{"line":46,"column":50},"end":{"line":52,"column":1}},"line":46},"3":{"name":"(anonymous_3)","decl":{"start":{"line":46,"column":50},"end":{"line":46,"column":51}},"loc":{"start":{"line":46,"column":70},"end":{"line":52,"column":1}},"line":46},"4":{"name":"(anonymous_4)","decl":{"start":{"line":59,"column":60},"end":{"line":59,"column":61}},"loc":{"start":{"line":59,"column":81},"end":{"line":62,"column":1}},"line":59},"5":{"name":"(anonymous_5)","decl":{"start":{"line":59,"column":81},"end":{"line":59,"column":82}},"loc":{"start":{"line":59,"column":101},"end":{"line":62,"column":1}},"line":59},"6":{"name":"(anonymous_6)","decl":{"start":{"line":69,"column":63},"end":{"line":69,"column":64}},"loc":{"start":{"line":69,"column":84},"end":{"line":72,"column":1}},"line":69},"7":{"name":"(anonymous_7)","decl":{"start":{"line":69,"column":84},"end":{"line":69,"column":85}},"loc":{"start":{"line":69,"column":104},"end":{"line":72,"column":1}},"line":69},"8":{"name":"(anonymous_8)","decl":{"start":{"line":80,"column":55},"end":{"line":80,"column":56}},"loc":{"start":{"line":80,"column":76},"end":{"line":80,"column":144}},"line":80},"9":{"name":"(anonymous_9)","decl":{"start":{"line":80,"column":76},"end":{"line":80,"column":77}},"loc":{"start":{"line":80,"column":90},"end":{"line":80,"column":144}},"line":80},"10":{"name":"(anonymous_10)","decl":{"start":{"line":88,"column":57},"end":{"line":88,"column":58}},"loc":{"start":{"line":88,"column":78},"end":{"line":91,"column":1}},"line":88},"11":{"name":"(anonymous_11)","decl":{"start":{"line":88,"column":78},"end":{"line":88,"column":79}},"loc":{"start":{"line":88,"column":98},"end":{"line":91,"column":1}},"line":88},"12":{"name":"(anonymous_12)","decl":{"start":{"line":99,"column":58},"end":{"line":99,"column":59}},"loc":{"start":{"line":99,"column":79},"end":{"line":102,"column":1}},"line":99},"13":{"name":"(anonymous_13)","decl":{"start":{"line":99,"column":79},"end":{"line":99,"column":80}},"loc":{"start":{"line":99,"column":99},"end":{"line":102,"column":1}},"line":99},"14":{"name":"(anonymous_14)","decl":{"start":{"line":111,"column":63},"end":{"line":111,"column":64}},"loc":{"start":{"line":111,"column":84},"end":{"line":121,"column":1}},"line":111},"15":{"name":"(anonymous_15)","decl":{"start":{"line":111,"column":84},"end":{"line":111,"column":85}},"loc":{"start":{"line":111,"column":104},"end":{"line":121,"column":1}},"line":111},"16":{"name":"(anonymous_16)","decl":{"start":{"line":130,"column":65},"end":{"line":130,"column":66}},"loc":{"start":{"line":130,"column":86},"end":{"line":133,"column":1}},"line":130},"17":{"name":"(anonymous_17)","decl":{"start":{"line":130,"column":86},"end":{"line":130,"column":87}},"loc":{"start":{"line":130,"column":106},"end":{"line":133,"column":1}},"line":130},"18":{"name":"(anonymous_18)","decl":{"start":{"line":141,"column":33},"end":{"line":141,"column":34}},"loc":{"start":{"line":141,"column":54},"end":{"line":144,"column":1}},"line":141},"19":{"name":"(anonymous_19)","decl":{"start":{"line":141,"column":54},"end":{"line":141,"column":55}},"loc":{"start":{"line":141,"column":74},"end":{"line":144,"column":1}},"line":141}},"branchMap":{"0":{"loc":{"start":{"line":47,"column":32},"end":{"line":47,"column":108}},"type":"cond-expr","locations":[{"start":{"line":47,"column":55},"end":{"line":47,"column":75}},{"start":{"line":47,"column":78},"end":{"line":47,"column":108}}],"line":47},"1":{"loc":{"start":{"line":116,"column":4},"end":{"line":116,"column":63}},"type":"if","locations":[{"start":{"line":116,"column":4},"end":{"line":116,"column":63}},{"start":{"line":116,"column":4},"end":{"line":116,"column":63}}],"line":116},"2":{"loc":{"start":{"line":119,"column":52},"end":{"line":119,"column":64}},"type":"binary-expr","locations":[{"start":{"line":119,"column":52},"end":{"line":119,"column":56}},{"start":{"line":119,"column":60},"end":{"line":119,"column":64}}],"line":119}},"s":{"0":2,"1":2,"2":2,"3":2,"4":2,"5":2,"6":2,"7":2,"8":4,"9":4,"10":1,"11":2,"12":4,"13":4,"14":4,"15":2,"16":2,"17":1,"18":1,"19":1,"20":2,"21":1,"22":1,"23":1,"24":2,"25":2,"26":2,"27":2,"28":5,"29":5,"30":4,"31":2,"32":1,"33":1,"34":1,"35":2,"36":2,"37":2,"38":1,"39":0,"40":1,"41":1,"42":2,"43":2,"44":2,"45":2,"46":2,"47":3,"48":3,"49":2,"50":2},"f":{"0":4,"1":4,"2":4,"3":4,"4":1,"5":1,"6":1,"7":1,"8":2,"9":2,"10":5,"11":5,"12":1,"13":1,"14":2,"15":2,"16":2,"17":2,"18":3,"19":3},"b":{"0":[3,1],"1":[0,1],"2":[1,0]},"_coverageSchema":"43e27e138ebf9cfc5966b082cf9a028302ed4184","hash":"2a285c1011149123f791095803c0fe4a236193c4"}
,"D:\\Professional Applications\\Task-App-Refactored\\Task-App-Refactored-Custom-Auth\\src\\config\\AWS\\aws.js": {"path":"D:\\Professional Applications\\Task-App-Refactored\\Task-App-Refactored-Custom-Auth\\src\\config\\AWS\\aws.js","statementMap":{"0":{"start":{"line":10,"column":12},"end":{"line":10,"column":30}},"1":{"start":{"line":13,"column":26},"end":{"line":13,"column":70}},"2":{"start":{"line":15,"column":0},"end":{"line":18,"column":3}},"3":{"start":{"line":20,"column":0},"end":{"line":20,"column":21}}},"fnMap":{},"branchMap":{},"s":{"0":2,"1":2,"2":2,"3":2},"f":{},"b":{},"_coverageSchema":"43e27e138ebf9cfc5966b082cf9a028302ed4184","hash":"22274a5ced14f8c86fa4e70b3c7c4025fb3fdc00"}
,"D:\\Professional Applications\\Task-App-Refactored\\Task-App-Refactored-Custom-Auth\\src\\config\\application\\config.js": {"path":"D:\\Professional Applications\\Task-App-Refactored\\Task-App-Refactored-Custom-Auth\\src\\config\\application\\config.js","statementMap":{"0":{"start":{"line":19,"column":36},"end":{"line":43,"column":2}},"1":{"start":{"line":21,"column":23},"end":{"line":21,"column":39}},"2":{"start":{"line":24,"column":30},"end":{"line":24,"column":59}},"3":{"start":{"line":25,"column":34},"end":{"line":25,"column":67}},"4":{"start":{"line":28,"column":30},"end":{"line":28,"column":54}},"5":{"start":{"line":32,"column":34},"end":{"line":32,"column":57}},"6":{"start":{"line":37,"column":33},"end":{"line":37,"column":58}},"7":{"start":{"line":40,"column":42},"end":{"line":40,"column":98}},"8":{"start":{"line":45,"column":0},"end":{"line":45,"column":45}}},"fnMap":{"0":{"name":"(anonymous_0)","decl":{"start":{"line":21,"column":17},"end":{"line":21,"column":18}},"loc":{"start":{"line":21,"column":23},"end":{"line":21,"column":39}},"line":21},"1":{"name":"(anonymous_1)","decl":{"start":{"line":24,"column":24},"end":{"line":24,"column":25}},"loc":{"start":{"line":24,"column":30},"end":{"line":24,"column":59}},"line":24},"2":{"name":"(anonymous_2)","decl":{"start":{"line":25,"column":28},"end":{"line":25,"column":29}},"loc":{"start":{"line":25,"column":34},"end":{"line":25,"column":67}},"line":25},"3":{"name":"(anonymous_3)","decl":{"start":{"line":28,"column":24},"end":{"line":28,"column":25}},"loc":{"start":{"line":28,"column":30},"end":{"line":28,"column":54}},"line":28},"4":{"name":"(anonymous_4)","decl":{"start":{"line":32,"column":28},"end":{"line":32,"column":29}},"loc":{"start":{"line":32,"column":34},"end":{"line":32,"column":57}},"line":32},"5":{"name":"(anonymous_5)","decl":{"start":{"line":37,"column":27},"end":{"line":37,"column":28}},"loc":{"start":{"line":37,"column":33},"end":{"line":37,"column":58}},"line":37},"6":{"name":"(anonymous_6)","decl":{"start":{"line":40,"column":35},"end":{"line":40,"column":36}},"loc":{"start":{"line":40,"column":42},"end":{"line":40,"column":98}},"line":40}},"branchMap":{},"s":{"0":4,"1":0,"2":2,"3":2,"4":0,"5":0,"6":82,"7":32,"8":4},"f":{"0":0,"1":2,"2":2,"3":0,"4":0,"5":82,"6":32},"b":{},"_coverageSchema":"43e27e138ebf9cfc5966b082cf9a028302ed4184","hash":"78746c144dc9b56846e7a1548644dfc8055ea379"}
,"D:\\Professional Applications\\Task-App-Refactored\\Task-App-Refactored-Custom-Auth\\src\\config\\busboy\\busboy.js": {"path":"D:\\Professional Applications\\Task-App-Refactored\\Task-App-Refactored-Custom-Auth\\src\\config\\busboy\\busboy.js","statementMap":{"0":{"start":{"line":8,"column":15},"end":{"line":8,"column":32}},"1":{"start":{"line":10,"column":28},"end":{"line":10,"column":70}},"2":{"start":{"line":15,"column":0},"end":{"line":53,"column":3}},"3":{"start":{"line":15,"column":24},"end":{"line":53,"column":2}},"4":{"start":{"line":16,"column":19},"end":{"line":23,"column":6}},"5":{"start":{"line":26,"column":20},"end":{"line":45,"column":5}},"6":{"start":{"line":28,"column":12},"end":{"line":28,"column":56}},"7":{"start":{"line":29,"column":12},"end":{"line":29,"column":58}},"8":{"start":{"line":32,"column":12},"end":{"line":32,"column":28}},"9":{"start":{"line":34,"column":37},"end":{"line":34,"column":64}},"10":{"start":{"line":37,"column":12},"end":{"line":37,"column":88}},"11":{"start":{"line":37,"column":53},"end":{"line":37,"column":88}},"12":{"start":{"line":39,"column":12},"end":{"line":39,"column":109}},"13":{"start":{"line":42,"column":12},"end":{"line":42,"column":28}},"14":{"start":{"line":43,"column":12},"end":{"line":43,"column":24}},"15":{"start":{"line":48,"column":4},"end":{"line":48,"column":55}},"16":{"start":{"line":49,"column":4},"end":{"line":49,"column":57}},"17":{"start":{"line":52,"column":4},"end":{"line":52,"column":21}}},"fnMap":{"0":{"name":"(anonymous_0)","decl":{"start":{"line":15,"column":17},"end":{"line":15,"column":18}},"loc":{"start":{"line":15,"column":24},"end":{"line":53,"column":2}},"line":15},"1":{"name":"(anonymous_1)","decl":{"start":{"line":15,"column":36},"end":{"line":15,"column":37}},"loc":{"start":{"line":15,"column":57},"end":{"line":53,"column":1}},"line":15},"2":{"name":"(anonymous_2)","decl":{"start":{"line":27,"column":8},"end":{"line":27,"column":9}},"loc":{"start":{"line":27,"column":19},"end":{"line":30,"column":9}},"line":27},"3":{"name":"(anonymous_3)","decl":{"start":{"line":31,"column":8},"end":{"line":31,"column":9}},"loc":{"start":{"line":31,"column":63},"end":{"line":40,"column":9}},"line":31},"4":{"name":"(anonymous_4)","decl":{"start":{"line":41,"column":8},"end":{"line":41,"column":9}},"loc":{"start":{"line":41,"column":22},"end":{"line":44,"column":9}},"line":41}},"branchMap":{"0":{"loc":{"start":{"line":37,"column":12},"end":{"line":37,"column":88}},"type":"if","locations":[{"start":{"line":37,"column":12},"end":{"line":37,"column":88}},{"start":{"line":37,"column":12},"end":{"line":37,"column":88}}],"line":37}},"s":{"0":2,"1":2,"2":2,"3":2,"4":2,"5":2,"6":2,"7":2,"8":2,"9":2,"10":2,"11":1,"12":1,"13":0,"14":0,"15":2,"16":2,"17":2},"f":{"0":2,"1":2,"2":2,"3":2,"4":0},"b":{"0":[1,1]},"_coverageSchema":"43e27e138ebf9cfc5966b082cf9a028302ed4184","hash":"8c69351dcba2379877941ccfd651c98132a702cf"}
,"D:\\Professional Applications\\Task-App-Refactored\\Task-App-Refactored-Custom-Auth\\src\\constants\\file-storage.js": {"path":"D:\\Professional Applications\\Task-App-Refactored\\Task-App-Refactored-Custom-Auth\\src\\constants\\file-storage.js","statementMap":{"0":{"start":{"line":5,"column":0},"end":{"line":8,"column":3}},"1":{"start":{"line":11,"column":0},"end":{"line":14,"column":3}}},"fnMap":{},"branchMap":{},"s":{"0":6,"1":6},"f":{},"b":{},"_coverageSchema":"43e27e138ebf9cfc5966b082cf9a028302ed4184","hash":"2041cfb2ec29aa4c401e014d50e92eb2bc4b654a"}
,"D:\\Professional Applications\\Task-App-Refactored\\Task-App-Refactored-Custom-Auth\\src\\container\\container-factory.js": {"path":"D:\\Professional Applications\\Task-App-Refactored\\Task-App-Refactored-Custom-Auth\\src\\container\\container-factory.js","statementMap":{"0":{"start":{"line":9,"column":15},"end":{"line":9,"column":32}},"1":{"start":{"line":12,"column":14},"end":{"line":12,"column":30}},"2":{"start":{"line":13,"column":12},"end":{"line":13,"column":35}},"3":{"start":{"line":14,"column":15},"end":{"line":14,"column":32}},"4":{"start":{"line":17,"column":12},"end":{"line":17,"column":42}},"5":{"start":{"line":20,"column":18},"end":{"line":20,"column":59}},"6":{"start":{"line":23,"column":0},"end":{"line":85,"column":2}},"7":{"start":{"line":25,"column":22},"end":{"line":27,"column":6}},"8":{"start":{"line":30,"column":4},"end":{"line":55,"column":7}},"9":{"start":{"line":58,"column":4},"end":{"line":69,"column":7}},"10":{"start":{"line":68,"column":32},"end":{"line":68,"column":85}},"11":{"start":{"line":72,"column":4},"end":{"line":79,"column":7}},"12":{"start":{"line":82,"column":4},"end":{"line":82,"column":86}},"13":{"start":{"line":82,"column":59},"end":{"line":82,"column":73}},"14":{"start":{"line":84,"column":4},"end":{"line":84,"column":21}}},"fnMap":{"0":{"name":"(anonymous_0)","decl":{"start":{"line":23,"column":17},"end":{"line":23,"column":18}},"loc":{"start":{"line":23,"column":23},"end":{"line":85,"column":1}},"line":23},"1":{"name":"(anonymous_1)","decl":{"start":{"line":68,"column":24},"end":{"line":68,"column":25}},"loc":{"start":{"line":68,"column":32},"end":{"line":68,"column":85}},"line":68},"2":{"name":"(anonymous_2)","decl":{"start":{"line":82,"column":52},"end":{"line":82,"column":53}},"loc":{"start":{"line":82,"column":59},"end":{"line":82,"column":73}},"line":82}},"branchMap":{},"s":{"0":2,"1":2,"2":2,"3":2,"4":2,"5":2,"6":2,"7":4,"8":4,"9":4,"10":8,"11":4,"12":4,"13":48,"14":4},"f":{"0":4,"1":8,"2":48},"b":{},"_coverageSchema":"43e27e138ebf9cfc5966b082cf9a028302ed4184","hash":"17cf073c52aab329520cf5ae660daebffe4b128a"}
,"D:\\Professional Applications\\Task-App-Refactored\\Task-App-Refactored-Custom-Auth\\src\\custom-exceptions\\index.js": {"path":"D:\\Professional Applications\\Task-App-Refactored\\Task-App-Refactored-Custom-Auth\\src\\custom-exceptions\\index.js","statementMap":{"0":{"start":{"line":33,"column":8},"end":{"line":33,"column":23}},"1":{"start":{"line":38,"column":8},"end":{"line":38,"column":31}},"2":{"start":{"line":41,"column":8},"end":{"line":41,"column":42}},"3":{"start":{"line":42,"column":8},"end":{"line":42,"column":56}},"4":{"start":{"line":53,"column":8},"end":{"line":53,"column":55}},"5":{"start":{"line":66,"column":20},"end":{"line":66,"column":76}},"6":{"start":{"line":67,"column":8},"end":{"line":67,"column":24}},"7":{"start":{"line":70,"column":8},"end":{"line":70,"column":86}},"8":{"start":{"line":82,"column":8},"end":{"line":82,"column":184}},"9":{"start":{"line":85,"column":8},"end":{"line":85,"column":92}},"10":{"start":{"line":97,"column":20},"end":{"line":97,"column":94}},"11":{"start":{"line":98,"column":8},"end":{"line":98,"column":24}},"12":{"start":{"line":101,"column":8},"end":{"line":101,"column":100}},"13":{"start":{"line":113,"column":8},"end":{"line":113,"column":46}},"14":{"start":{"line":116,"column":8},"end":{"line":116,"column":98}},"15":{"start":{"line":120,"column":0},"end":{"line":126,"column":2}}},"fnMap":{"0":{"name":"(anonymous_0)","decl":{"start":{"line":32,"column":4},"end":{"line":32,"column":5}},"loc":{"start":{"line":32,"column":30},"end":{"line":43,"column":5}},"line":32},"1":{"name":"(anonymous_1)","decl":{"start":{"line":51,"column":4},"end":{"line":51,"column":5}},"loc":{"start":{"line":51,"column":26},"end":{"line":54,"column":5}},"line":51},"2":{"name":"(anonymous_2)","decl":{"start":{"line":64,"column":4},"end":{"line":64,"column":5}},"loc":{"start":{"line":64,"column":30},"end":{"line":71,"column":5}},"line":64},"3":{"name":"(anonymous_3)","decl":{"start":{"line":81,"column":4},"end":{"line":81,"column":5}},"loc":{"start":{"line":81,"column":26},"end":{"line":86,"column":5}},"line":81},"4":{"name":"(anonymous_4)","decl":{"start":{"line":96,"column":4},"end":{"line":96,"column":5}},"loc":{"start":{"line":96,"column":31},"end":{"line":102,"column":5}},"line":96},"5":{"name":"(anonymous_5)","decl":{"start":{"line":112,"column":4},"end":{"line":112,"column":5}},"loc":{"start":{"line":112,"column":21},"end":{"line":117,"column":5}},"line":112}},"branchMap":{"0":{"loc":{"start":{"line":66,"column":20},"end":{"line":66,"column":76}},"type":"cond-expr","locations":[{"start":{"line":66,"column":44},"end":{"line":66,"column":51}},{"start":{"line":66,"column":54},"end":{"line":66,"column":76}}],"line":66},"1":{"loc":{"start":{"line":82,"column":19},"end":{"line":82,"column":182}},"type":"cond-expr","locations":[{"start":{"line":82,"column":26},"end":{"line":82,"column":176}},{"start":{"line":82,"column":179},"end":{"line":82,"column":182}}],"line":82},"2":{"loc":{"start":{"line":97,"column":20},"end":{"line":97,"column":94}},"type":"cond-expr","locations":[{"start":{"line":97,"column":31},"end":{"line":97,"column":70}},{"start":{"line":97,"column":73},"end":{"line":97,"column":94}}],"line":97}},"s":{"0":103,"1":103,"2":103,"3":103,"4":103,"5":42,"6":42,"7":42,"8":44,"9":44,"10":15,"11":15,"12":15,"13":2,"14":2,"15":7},"f":{"0":103,"1":103,"2":42,"3":44,"4":15,"5":2},"b":{"0":[0,42],"1":[40,4],"2":[0,15]},"_coverageSchema":"43e27e138ebf9cfc5966b082cf9a028302ed4184","hash":"0b28e97f1442d513c83991c49bfee4198c64aa7f"}
,"D:\\Professional Applications\\Task-App-Refactored\\Task-App-Refactored-Custom-Auth\\src\\db\\mongoose.js": {"path":"D:\\Professional Applications\\Task-App-Refactored\\Task-App-Refactored-Custom-Auth\\src\\db\\mongoose.js","statementMap":{"0":{"start":{"line":9,"column":17},"end":{"line":9,"column":36}},"1":{"start":{"line":12,"column":0},"end":{"line":16,"column":3}},"2":{"start":{"line":12,"column":23},"end":{"line":16,"column":2}}},"fnMap":{"0":{"name":"(anonymous_0)","decl":{"start":{"line":12,"column":17},"end":{"line":12,"column":18}},"loc":{"start":{"line":12,"column":23},"end":{"line":16,"column":2}},"line":12}},"branchMap":{},"s":{"0":2,"1":2,"2":2},"f":{"0":2},"b":{},"_coverageSchema":"43e27e138ebf9cfc5966b082cf9a028302ed4184","hash":"702b70aa9d555496e084c03e8eba26522b519eb7"}
,"D:\\Professional Applications\\Task-App-Refactored\\Task-App-Refactored-Custom-Auth\\src\\models\\task.js": {"path":"D:\\Professional Applications\\Task-App-Refactored\\Task-App-Refactored-Custom-Auth\\src\\models\\task.js","statementMap":{"0":{"start":{"line":10,"column":17},"end":{"line":10,"column":36}},"1":{"start":{"line":12,"column":19},"end":{"line":28,"column":2}},"2":{"start":{"line":30,"column":13},"end":{"line":30,"column":47}},"3":{"start":{"line":32,"column":0},"end":{"line":32,"column":22}}},"fnMap":{},"branchMap":{},"s":{"0":2,"1":2,"2":2,"3":2},"f":{},"b":{},"_coverageSchema":"43e27e138ebf9cfc5966b082cf9a028302ed4184","hash":"f3736bd91274c9246001d6f621f8433dafc0d635"}
,"D:\\Professional Applications\\Task-App-Refactored\\Task-App-Refactored-Custom-Auth\\src\\models\\user.js": {"path":"D:\\Professional Applications\\Task-App-Refactored\\Task-App-Refactored-Custom-Auth\\src\\models\\user.js","statementMap":{"0":{"start":{"line":10,"column":17},"end":{"line":10,"column":36}},"1":{"start":{"line":11,"column":18},"end":{"line":11,"column":38}},"2":{"start":{"line":14,"column":19},"end":{"line":60,"column":2}},"3":{"start":{"line":27,"column":12},"end":{"line":29,"column":13}},"4":{"start":{"line":28,"column":16},"end":{"line":28,"column":52}},"5":{"start":{"line":41,"column":12},"end":{"line":43,"column":13}},"6":{"start":{"line":42,"column":16},"end":{"line":42,"column":53}},"7":{"start":{"line":63,"column":13},"end":{"line":63,"column":47}},"8":{"start":{"line":65,"column":0},"end":{"line":65,"column":22}}},"fnMap":{"0":{"name":"(anonymous_0)","decl":{"start":{"line":26,"column":8},"end":{"line":26,"column":9}},"loc":{"start":{"line":26,"column":24},"end":{"line":30,"column":9}},"line":26},"1":{"name":"(anonymous_1)","decl":{"start":{"line":40,"column":8},"end":{"line":40,"column":9}},"loc":{"start":{"line":40,"column":24},"end":{"line":44,"column":9}},"line":40}},"branchMap":{"0":{"loc":{"start":{"line":27,"column":12},"end":{"line":29,"column":13}},"type":"if","locations":[{"start":{"line":27,"column":12},"end":{"line":29,"column":13}},{"start":{"line":27,"column":12},"end":{"line":29,"column":13}}],"line":27},"1":{"loc":{"start":{"line":41,"column":12},"end":{"line":43,"column":13}},"type":"if","locations":[{"start":{"line":41,"column":12},"end":{"line":43,"column":13}},{"start":{"line":41,"column":12},"end":{"line":43,"column":13}}],"line":41}},"s":{"0":3,"1":3,"2":3,"3":101,"4":1,"5":100,"6":0,"7":3,"8":3},"f":{"0":101,"1":100},"b":{"0":[1,100],"1":[0,100]},"_coverageSchema":"43e27e138ebf9cfc5966b082cf9a028302ed4184","hash":"a16713826de39850099970d9e8d72441d0427af5"}
,"D:\\Professional Applications\\Task-App-Refactored\\Task-App-Refactored-Custom-Auth\\src\\repositories\\TaskRepository.js": {"path":"D:\\Professional Applications\\Task-App-Refactored\\Task-App-Refactored-Custom-Auth\\src\\repositories\\TaskRepository.js","statementMap":{"0":{"start":{"line":3,"column":51},"end":{"line":3,"column":88}},"1":{"start":{"line":8,"column":8},"end":{"line":8,"column":25}},"2":{"start":{"line":12,"column":8},"end":{"line":20,"column":9}},"3":{"start":{"line":14,"column":25},"end":{"line":14,"column":48}},"4":{"start":{"line":15,"column":12},"end":{"line":15,"column":30}},"5":{"start":{"line":17,"column":12},"end":{"line":17,"column":33}},"6":{"start":{"line":19,"column":12},"end":{"line":19,"column":82}},"7":{"start":{"line":24,"column":8},"end":{"line":29,"column":9}},"8":{"start":{"line":25,"column":26},"end":{"line":25,"column":84}},"9":{"start":{"line":26,"column":12},"end":{"line":26,"column":66}},"10":{"start":{"line":26,"column":37},"end":{"line":26,"column":64}},"11":{"start":{"line":28,"column":12},"end":{"line":28,"column":22}},"12":{"start":{"line":33,"column":8},"end":{"line":38,"column":9}},"13":{"start":{"line":34,"column":26},"end":{"line":34,"column":68}},"14":{"start":{"line":35,"column":12},"end":{"line":35,"column":66}},"15":{"start":{"line":35,"column":37},"end":{"line":35,"column":64}},"16":{"start":{"line":37,"column":12},"end":{"line":37,"column":22}},"17":{"start":{"line":42,"column":8},"end":{"line":48,"column":9}},"18":{"start":{"line":44,"column":25},"end":{"line":44,"column":125}},"19":{"start":{"line":45,"column":12},"end":{"line":45,"column":47}},"20":{"start":{"line":47,"column":12},"end":{"line":47,"column":82}},"21":{"start":{"line":59,"column":8},"end":{"line":72,"column":9}},"22":{"start":{"line":61,"column":25},"end":{"line":61,"column":71}},"23":{"start":{"line":64,"column":12},"end":{"line":64,"column":57}},"24":{"start":{"line":64,"column":23},"end":{"line":64,"column":57}},"25":{"start":{"line":67,"column":12},"end":{"line":67,"column":32}},"26":{"start":{"line":69,"column":12},"end":{"line":69,"column":33}},"27":{"start":{"line":71,"column":12},"end":{"line":71,"column":22}},"28":{"start":{"line":76,"column":0},"end":{"line":76,"column":32}}},"fnMap":{"0":{"name":"(anonymous_0)","decl":{"start":{"line":6,"column":4},"end":{"line":6,"column":5}},"loc":{"start":{"line":6,"column":26},"end":{"line":9,"column":5}},"line":6},"1":{"name":"(anonymous_1)","decl":{"start":{"line":11,"column":4},"end":{"line":11,"column":5}},"loc":{"start":{"line":11,"column":27},"end":{"line":21,"column":5}},"line":11},"2":{"name":"(anonymous_2)","decl":{"start":{"line":23,"column":4},"end":{"line":23,"column":5}},"loc":{"start":{"line":23,"column":53},"end":{"line":30,"column":5}},"line":23},"3":{"name":"(anonymous_3)","decl":{"start":{"line":26,"column":29},"end":{"line":26,"column":30}},"loc":{"start":{"line":26,"column":37},"end":{"line":26,"column":64}},"line":26},"4":{"name":"(anonymous_4)","decl":{"start":{"line":32,"column":4},"end":{"line":32,"column":5}},"loc":{"start":{"line":32,"column":43},"end":{"line":39,"column":5}},"line":32},"5":{"name":"(anonymous_5)","decl":{"start":{"line":35,"column":29},"end":{"line":35,"column":30}},"loc":{"start":{"line":35,"column":37},"end":{"line":35,"column":64}},"line":35},"6":{"name":"(anonymous_6)","decl":{"start":{"line":41,"column":4},"end":{"line":41,"column":5}},"loc":{"start":{"line":41,"column":50},"end":{"line":49,"column":5}},"line":41},"7":{"name":"(anonymous_7)","decl":{"start":{"line":58,"column":4},"end":{"line":58,"column":5}},"loc":{"start":{"line":58,"column":41},"end":{"line":73,"column":5}},"line":58}},"branchMap":{"0":{"loc":{"start":{"line":19,"column":18},"end":{"line":19,"column":81}},"type":"cond-expr","locations":[{"start":{"line":19,"column":51},"end":{"line":19,"column":75}},{"start":{"line":19,"column":78},"end":{"line":19,"column":81}}],"line":19},"1":{"loc":{"start":{"line":23,"column":39},"end":{"line":23,"column":51}},"type":"default-arg","locations":[{"start":{"line":23,"column":49},"end":{"line":23,"column":51}}],"line":23},"2":{"loc":{"start":{"line":26,"column":37},"end":{"line":26,"column":64}},"type":"cond-expr","locations":[{"start":{"line":26,"column":44},"end":{"line":26,"column":57}},{"start":{"line":26,"column":60},"end":{"line":26,"column":64}}],"line":26},"3":{"loc":{"start":{"line":32,"column":29},"end":{"line":32,"column":41}},"type":"default-arg","locations":[{"start":{"line":32,"column":39},"end":{"line":32,"column":41}}],"line":32},"4":{"loc":{"start":{"line":35,"column":37},"end":{"line":35,"column":64}},"type":"cond-expr","locations":[{"start":{"line":35,"column":44},"end":{"line":35,"column":57}},{"start":{"line":35,"column":60},"end":{"line":35,"column":64}}],"line":35},"5":{"loc":{"start":{"line":45,"column":19},"end":{"line":45,"column":46}},"type":"cond-expr","locations":[{"start":{"line":45,"column":26},"end":{"line":45,"column":39}},{"start":{"line":45,"column":42},"end":{"line":45,"column":46}}],"line":45},"6":{"loc":{"start":{"line":47,"column":18},"end":{"line":47,"column":81}},"type":"cond-expr","locations":[{"start":{"line":47,"column":51},"end":{"line":47,"column":75}},{"start":{"line":47,"column":78},"end":{"line":47,"column":81}}],"line":47},"7":{"loc":{"start":{"line":64,"column":12},"end":{"line":64,"column":57}},"type":"if","locations":[{"start":{"line":64,"column":12},"end":{"line":64,"column":57}},{"start":{"line":64,"column":12},"end":{"line":64,"column":57}}],"line":64}},"s":{"0":2,"1":11,"2":1,"3":1,"4":1,"5":1,"6":0,"7":2,"8":2,"9":2,"10":1,"11":0,"12":1,"13":1,"14":1,"15":2,"16":0,"17":2,"18":2,"19":2,"20":0,"21":2,"22":2,"23":2,"24":1,"25":1,"26":1,"27":1,"28":2},"f":{"0":11,"1":1,"2":2,"3":1,"4":1,"5":2,"6":2,"7":2},"b":{"0":[0,0],"1":[2],"2":[1,0],"3":[0],"4":[2,0],"5":[1,1],"6":[0,0],"7":[1,1]},"_coverageSchema":"43e27e138ebf9cfc5966b082cf9a028302ed4184","hash":"424b222cab113a05509e7be89470898d8f96aaa3"}
,"D:\\Professional Applications\\Task-App-Refactored\\Task-App-Refactored-Custom-Auth\\src\\repositories\\UserRepository.js": {"path":"D:\\Professional Applications\\Task-App-Refactored\\Task-App-Refactored-Custom-Auth\\src\\repositories\\UserRepository.js","statementMap":{"0":{"start":{"line":3,"column":51},"end":{"line":3,"column":88}},"1":{"start":{"line":13,"column":8},"end":{"line":13,"column":25}},"2":{"start":{"line":30,"column":8},"end":{"line":40,"column":9}},"3":{"start":{"line":32,"column":25},"end":{"line":32,"column":48}},"4":{"start":{"line":34,"column":12},"end":{"line":34,"column":30}},"5":{"start":{"line":36,"column":12},"end":{"line":36,"column":33}},"6":{"start":{"line":38,"column":12},"end":{"line":38,"column":37}},"7":{"start":{"line":38,"column":27},"end":{"line":38,"column":37}},"8":{"start":{"line":39,"column":12},"end":{"line":39,"column":82}},"9":{"start":{"line":52,"column":8},"end":{"line":59,"column":9}},"10":{"start":{"line":54,"column":25},"end":{"line":54,"column":107}},"11":{"start":{"line":55,"column":12},"end":{"line":55,"column":33}},"12":{"start":{"line":57,"column":12},"end":{"line":57,"column":37}},"13":{"start":{"line":57,"column":27},"end":{"line":57,"column":37}},"14":{"start":{"line":58,"column":12},"end":{"line":58,"column":82}},"15":{"start":{"line":71,"column":8},"end":{"line":79,"column":9}},"16":{"start":{"line":73,"column":12},"end":{"line":75,"column":15}},"17":{"start":{"line":78,"column":12},"end":{"line":78,"column":22}},"18":{"start":{"line":91,"column":8},"end":{"line":99,"column":9}},"19":{"start":{"line":93,"column":12},"end":{"line":95,"column":15}},"20":{"start":{"line":98,"column":12},"end":{"line":98,"column":22}},"21":{"start":{"line":110,"column":8},"end":{"line":118,"column":9}},"22":{"start":{"line":112,"column":12},"end":{"line":114,"column":15}},"23":{"start":{"line":117,"column":12},"end":{"line":117,"column":22}},"24":{"start":{"line":130,"column":8},"end":{"line":136,"column":9}},"25":{"start":{"line":132,"column":12},"end":{"line":132,"column":78}},"26":{"start":{"line":135,"column":12},"end":{"line":135,"column":22}},"27":{"start":{"line":147,"column":8},"end":{"line":152,"column":9}},"28":{"start":{"line":148,"column":25},"end":{"line":148,"column":55}},"29":{"start":{"line":149,"column":12},"end":{"line":149,"column":47}},"30":{"start":{"line":151,"column":12},"end":{"line":151,"column":22}},"31":{"start":{"line":163,"column":8},"end":{"line":169,"column":9}},"32":{"start":{"line":165,"column":25},"end":{"line":165,"column":53}},"33":{"start":{"line":166,"column":12},"end":{"line":166,"column":47}},"34":{"start":{"line":168,"column":12},"end":{"line":168,"column":22}},"35":{"start":{"line":180,"column":8},"end":{"line":193,"column":9}},"36":{"start":{"line":182,"column":25},"end":{"line":182,"column":53}},"37":{"start":{"line":185,"column":12},"end":{"line":185,"column":57}},"38":{"start":{"line":185,"column":23},"end":{"line":185,"column":57}},"39":{"start":{"line":188,"column":12},"end":{"line":188,"column":32}},"40":{"start":{"line":190,"column":12},"end":{"line":190,"column":33}},"41":{"start":{"line":192,"column":12},"end":{"line":192,"column":22}},"42":{"start":{"line":197,"column":0},"end":{"line":197,"column":32}}},"fnMap":{"0":{"name":"(anonymous_0)","decl":{"start":{"line":11,"column":4},"end":{"line":11,"column":5}},"loc":{"start":{"line":11,"column":26},"end":{"line":14,"column":5}},"line":11},"1":{"name":"(anonymous_1)","decl":{"start":{"line":29,"column":4},"end":{"line":29,"column":5}},"loc":{"start":{"line":29,"column":27},"end":{"line":41,"column":5}},"line":29},"2":{"name":"(anonymous_2)","decl":{"start":{"line":51,"column":4},"end":{"line":51,"column":5}},"loc":{"start":{"line":51,"column":34},"end":{"line":60,"column":5}},"line":51},"3":{"name":"(anonymous_3)","decl":{"start":{"line":70,"column":4},"end":{"line":70,"column":5}},"loc":{"start":{"line":70,"column":38},"end":{"line":80,"column":5}},"line":70},"4":{"name":"(anonymous_4)","decl":{"start":{"line":90,"column":4},"end":{"line":90,"column":5}},"loc":{"start":{"line":90,"column":37},"end":{"line":100,"column":5}},"line":90},"5":{"name":"(anonymous_5)","decl":{"start":{"line":109,"column":4},"end":{"line":109,"column":5}},"loc":{"start":{"line":109,"column":34},"end":{"line":119,"column":5}},"line":109},"6":{"name":"(anonymous_6)","decl":{"start":{"line":129,"column":4},"end":{"line":129,"column":5}},"loc":{"start":{"line":129,"column":47},"end":{"line":137,"column":5}},"line":129},"7":{"name":"(anonymous_7)","decl":{"start":{"line":146,"column":4},"end":{"line":146,"column":5}},"loc":{"start":{"line":146,"column":29},"end":{"line":153,"column":5}},"line":146},"8":{"name":"(anonymous_8)","decl":{"start":{"line":162,"column":4},"end":{"line":162,"column":5}},"loc":{"start":{"line":162,"column":23},"end":{"line":170,"column":5}},"line":162},"9":{"name":"(anonymous_9)","decl":{"start":{"line":179,"column":4},"end":{"line":179,"column":5}},"loc":{"start":{"line":179,"column":25},"end":{"line":194,"column":5}},"line":179}},"branchMap":{"0":{"loc":{"start":{"line":38,"column":12},"end":{"line":38,"column":37}},"type":"if","locations":[{"start":{"line":38,"column":12},"end":{"line":38,"column":37}},{"start":{"line":38,"column":12},"end":{"line":38,"column":37}}],"line":38},"1":{"loc":{"start":{"line":39,"column":18},"end":{"line":39,"column":81}},"type":"cond-expr","locations":[{"start":{"line":39,"column":51},"end":{"line":39,"column":75}},{"start":{"line":39,"column":78},"end":{"line":39,"column":81}}],"line":39},"2":{"loc":{"start":{"line":57,"column":12},"end":{"line":57,"column":37}},"type":"if","locations":[{"start":{"line":57,"column":12},"end":{"line":57,"column":37}},{"start":{"line":57,"column":12},"end":{"line":57,"column":37}}],"line":57},"3":{"loc":{"start":{"line":58,"column":18},"end":{"line":58,"column":81}},"type":"cond-expr","locations":[{"start":{"line":58,"column":51},"end":{"line":58,"column":75}},{"start":{"line":58,"column":78},"end":{"line":58,"column":81}}],"line":58},"4":{"loc":{"start":{"line":149,"column":19},"end":{"line":149,"column":46}},"type":"cond-expr","locations":[{"start":{"line":149,"column":26},"end":{"line":149,"column":39}},{"start":{"line":149,"column":42},"end":{"line":149,"column":46}}],"line":149},"5":{"loc":{"start":{"line":166,"column":19},"end":{"line":166,"column":46}},"type":"cond-expr","locations":[{"start":{"line":166,"column":26},"end":{"line":166,"column":39}},{"start":{"line":166,"column":42},"end":{"line":166,"column":46}}],"line":166},"6":{"loc":{"start":{"line":185,"column":12},"end":{"line":185,"column":57}},"type":"if","locations":[{"start":{"line":185,"column":12},"end":{"line":185,"column":57}},{"start":{"line":185,"column":12},"end":{"line":185,"column":57}}],"line":185}},"s":{"0":4,"1":49,"2":8,"3":8,"4":8,"5":2,"6":6,"7":1,"8":5,"9":30,"10":30,"11":15,"12":15,"13":1,"14":14,"15":7,"16":7,"17":3,"18":5,"19":5,"20":3,"21":5,"22":5,"23":3,"24":6,"25":6,"26":3,"27":31,"28":31,"29":30,"30":1,"31":6,"32":6,"33":4,"34":2,"35":4,"36":4,"37":3,"38":1,"39":2,"40":2,"41":2,"42":4},"f":{"0":49,"1":8,"2":30,"3":7,"4":5,"5":5,"6":6,"7":31,"8":6,"9":4},"b":{"0":[1,5],"1":[3,2],"2":[1,14],"3":[5,9],"4":[28,2],"5":[3,1],"6":[1,2]},"_coverageSchema":"43e27e138ebf9cfc5966b082cf9a028302ed4184","hash":"3f2ba13e04f8ec48215b4a019ddc71780d442c6f"}
,"D:\\Professional Applications\\Task-App-Refactored\\Task-App-Refactored-Custom-Auth\\src\\services\\AuthenticationService.js": {"path":"D:\\Professional Applications\\Task-App-Refactored\\Task-App-Refactored-Custom-Auth\\src\\services\\AuthenticationService.js","statementMap":{"0":{"start":{"line":7,"column":32},"end":{"line":7,"column":71}},"1":{"start":{"line":17,"column":8},"end":{"line":17,"column":23}},"2":{"start":{"line":29,"column":8},"end":{"line":29,"column":77}},"3":{"start":{"line":40,"column":8},"end":{"line":45,"column":9}},"4":{"start":{"line":42,"column":12},"end":{"line":42,"column":66}},"5":{"start":{"line":44,"column":12},"end":{"line":44,"column":44}},"6":{"start":{"line":49,"column":0},"end":{"line":49,"column":39}}},"fnMap":{"0":{"name":"(anonymous_0)","decl":{"start":{"line":16,"column":4},"end":{"line":16,"column":5}},"loc":{"start":{"line":16,"column":25},"end":{"line":18,"column":5}},"line":16},"1":{"name":"(anonymous_1)","decl":{"start":{"line":27,"column":4},"end":{"line":27,"column":5}},"loc":{"start":{"line":27,"column":26},"end":{"line":30,"column":5}},"line":27},"2":{"name":"(anonymous_2)","decl":{"start":{"line":39,"column":4},"end":{"line":39,"column":5}},"loc":{"start":{"line":39,"column":27},"end":{"line":46,"column":5}},"line":39}},"branchMap":{},"s":{"0":3,"1":48,"2":3,"3":37,"4":37,"5":12,"6":3},"f":{"0":48,"1":3,"2":37},"b":{},"_coverageSchema":"43e27e138ebf9cfc5966b082cf9a028302ed4184","hash":"5ede2051c2731b610e704e1eb95ea9ec369eab49"}
,"D:\\Professional Applications\\Task-App-Refactored\\Task-App-Refactored-Custom-Auth\\src\\services\\FileProcessingService.js": {"path":"D:\\Professional Applications\\Task-App-Refactored\\Task-App-Refactored-Custom-Auth\\src\\services\\FileProcessingService.js","statementMap":{"0":{"start":{"line":12,"column":8},"end":{"line":12,"column":61}},"1":{"start":{"line":31,"column":8},"end":{"line":58,"column":9}},"2":{"start":{"line":33,"column":27},"end":{"line":33,"column":78}},"3":{"start":{"line":36,"column":26},"end":{"line":36,"column":94}},"4":{"start":{"line":39,"column":36},"end":{"line":44,"column":15}},"5":{"start":{"line":39,"column":72},"end":{"line":44,"column":13}},"6":{"start":{"line":47,"column":12},"end":{"line":53,"column":15}},"7":{"start":{"line":48,"column":16},"end":{"line":52,"column":19}},"8":{"start":{"line":55,"column":12},"end":{"line":55,"column":26}},"9":{"start":{"line":57,"column":12},"end":{"line":57,"column":22}},"10":{"start":{"line":62,"column":0},"end":{"line":62,"column":39}}},"fnMap":{"0":{"name":"(anonymous_0)","decl":{"start":{"line":10,"column":4},"end":{"line":10,"column":5}},"loc":{"start":{"line":10,"column":44},"end":{"line":13,"column":5}},"line":10},"1":{"name":"(anonymous_1)","decl":{"start":{"line":30,"column":4},"end":{"line":30,"column":5}},"loc":{"start":{"line":30,"column":37},"end":{"line":59,"column":5}},"line":30},"2":{"name":"(anonymous_2)","decl":{"start":{"line":39,"column":64},"end":{"line":39,"column":65}},"loc":{"start":{"line":39,"column":72},"end":{"line":44,"column":13}},"line":39},"3":{"name":"(anonymous_3)","decl":{"start":{"line":47,"column":36},"end":{"line":47,"column":37}},"loc":{"start":{"line":47,"column":64},"end":{"line":53,"column":13}},"line":47}},"branchMap":{},"s":{"0":48,"1":1,"2":1,"3":1,"4":1,"5":2,"6":1,"7":2,"8":1,"9":0,"10":2},"f":{"0":48,"1":1,"2":2,"3":2},"b":{},"_coverageSchema":"43e27e138ebf9cfc5966b082cf9a028302ed4184","hash":"dbb80ca0d3d4d090ddcaab18d9eae46461c40ba7"}
,"D:\\Professional Applications\\Task-App-Refactored\\Task-App-Refactored-Custom-Auth\\src\\services\\FileStorageService.js": {"path":"D:\\Professional Applications\\Task-App-Refactored\\Task-App-Refactored-Custom-Auth\\src\\services\\FileStorageService.js","statementMap":{"0":{"start":{"line":10,"column":36},"end":{"line":10,"column":74}},"1":{"start":{"line":15,"column":8},"end":{"line":15,"column":59}},"2":{"start":{"line":16,"column":8},"end":{"line":16,"column":53}},"3":{"start":{"line":34,"column":32},"end":{"line":34,"column":91}},"4":{"start":{"line":37,"column":8},"end":{"line":43,"column":17}},"5":{"start":{"line":37,"column":75},"end":{"line":43,"column":14}},"6":{"start":{"line":47,"column":0},"end":{"line":47,"column":36}}},"fnMap":{"0":{"name":"(anonymous_0)","decl":{"start":{"line":13,"column":4},"end":{"line":13,"column":5}},"loc":{"start":{"line":13,"column":63},"end":{"line":17,"column":5}},"line":13},"1":{"name":"(anonymous_1)","decl":{"start":{"line":32,"column":4},"end":{"line":32,"column":5}},"loc":{"start":{"line":32,"column":51},"end":{"line":44,"column":5}},"line":32},"2":{"name":"(anonymous_2)","decl":{"start":{"line":37,"column":47},"end":{"line":37,"column":48}},"loc":{"start":{"line":37,"column":75},"end":{"line":43,"column":14}},"line":37}},"branchMap":{},"s":{"0":3,"1":48,"2":48,"3":1,"4":1,"5":3,"6":3},"f":{"0":48,"1":1,"2":3},"b":{},"_coverageSchema":"43e27e138ebf9cfc5966b082cf9a028302ed4184","hash":"f233259eb49a403b33fcf6bef68c9f411dd2602e"}
,"D:\\Professional Applications\\Task-App-Refactored\\Task-App-Refactored-Custom-Auth\\src\\services\\PasswordService.js": {"path":"D:\\Professional Applications\\Task-App-Refactored\\Task-App-Refactored-Custom-Auth\\src\\services\\PasswordService.js","statementMap":{"0":{"start":{"line":12,"column":8},"end":{"line":12,"column":29}},"1":{"start":{"line":24,"column":8},"end":{"line":24,"column":54}},"2":{"start":{"line":38,"column":8},"end":{"line":38,"column":54}},"3":{"start":{"line":42,"column":0},"end":{"line":42,"column":33}}},"fnMap":{"0":{"name":"(anonymous_0)","decl":{"start":{"line":10,"column":4},"end":{"line":10,"column":5}},"loc":{"start":{"line":10,"column":28},"end":{"line":13,"column":5}},"line":10},"1":{"name":"(anonymous_1)","decl":{"start":{"line":23,"column":4},"end":{"line":23,"column":5}},"loc":{"start":{"line":23,"column":50},"end":{"line":25,"column":5}},"line":23},"2":{"name":"(anonymous_2)","decl":{"start":{"line":35,"column":4},"end":{"line":35,"column":5}},"loc":{"start":{"line":35,"column":37},"end":{"line":39,"column":5}},"line":35}},"branchMap":{"0":{"loc":{"start":{"line":23,"column":34},"end":{"line":23,"column":48}},"type":"default-arg","locations":[{"start":{"line":23,"column":47},"end":{"line":23,"column":48}}],"line":23}},"s":{"0":48,"1":5,"2":2,"3":3},"f":{"0":48,"1":5,"2":2},"b":{"0":[5]},"_coverageSchema":"43e27e138ebf9cfc5966b082cf9a028302ed4184","hash":"e2138d18278a358903f59a7bd327c1feffc88f4f"}
,"D:\\Professional Applications\\Task-App-Refactored\\Task-App-Refactored-Custom-Auth\\src\\services\\TaskService.js": {"path":"D:\\Professional Applications\\Task-App-Refactored\\Task-App-Refactored-Custom-Auth\\src\\services\\TaskService.js","statementMap":{"0":{"start":{"line":19,"column":21},"end":{"line":19,"column":38}},"1":{"start":{"line":20,"column":51},"end":{"line":20,"column":90}},"2":{"start":{"line":25,"column":9},"end":{"line":25,"column":17}},"3":{"start":{"line":27,"column":9},"end":{"line":27,"column":46}},"4":{"start":{"line":28,"column":9},"end":{"line":28,"column":32}},"5":{"start":{"line":44,"column":8},"end":{"line":44,"column":51}},"6":{"start":{"line":44,"column":23},"end":{"line":44,"column":51}},"7":{"start":{"line":47,"column":8},"end":{"line":47,"column":89}},"8":{"start":{"line":65,"column":22},"end":{"line":65,"column":24}},"9":{"start":{"line":67,"column":8},"end":{"line":72,"column":9}},"10":{"start":{"line":69,"column":12},"end":{"line":71,"column":13}},"11":{"start":{"line":70,"column":16},"end":{"line":70,"column":50}},"12":{"start":{"line":75,"column":8},"end":{"line":78,"column":20}},"13":{"start":{"line":94,"column":22},"end":{"line":94,"column":103}},"14":{"start":{"line":96,"column":8},"end":{"line":96,"column":66}},"15":{"start":{"line":96,"column":32},"end":{"line":96,"column":66}},"16":{"start":{"line":98,"column":8},"end":{"line":98,"column":24}},"17":{"start":{"line":103,"column":29},"end":{"line":103,"column":31}},"18":{"start":{"line":104,"column":27},"end":{"line":104,"column":56}},"19":{"start":{"line":107,"column":8},"end":{"line":107,"column":65}},"20":{"start":{"line":107,"column":37},"end":{"line":107,"column":65}},"21":{"start":{"line":110,"column":31},"end":{"line":110,"column":59}},"22":{"start":{"line":111,"column":33},"end":{"line":111,"column":92}},"23":{"start":{"line":111,"column":60},"end":{"line":111,"column":91}},"24":{"start":{"line":113,"column":8},"end":{"line":113,"column":59}},"25":{"start":{"line":113,"column":31},"end":{"line":113,"column":59}},"26":{"start":{"line":117,"column":8},"end":{"line":117,"column":95}},"27":{"start":{"line":117,"column":40},"end":{"line":117,"column":93}},"28":{"start":{"line":119,"column":28},"end":{"line":121,"column":24}},"29":{"start":{"line":123,"column":8},"end":{"line":123,"column":60}},"30":{"start":{"line":123,"column":26},"end":{"line":123,"column":60}},"31":{"start":{"line":125,"column":8},"end":{"line":125,"column":27}},"32":{"start":{"line":129,"column":8},"end":{"line":129,"column":92}},"33":{"start":{"line":132,"column":0},"end":{"line":132,"column":29}}},"fnMap":{"0":{"name":"(anonymous_0)","decl":{"start":{"line":23,"column":4},"end":{"line":23,"column":5}},"loc":{"start":{"line":23,"column":45},"end":{"line":29,"column":5}},"line":23},"1":{"name":"(anonymous_1)","decl":{"start":{"line":43,"column":4},"end":{"line":43,"column":5}},"loc":{"start":{"line":43,"column":34},"end":{"line":48,"column":5}},"line":43},"2":{"name":"(anonymous_2)","decl":{"start":{"line":63,"column":4},"end":{"line":63,"column":5}},"loc":{"start":{"line":63,"column":54},"end":{"line":79,"column":5}},"line":63},"3":{"name":"(anonymous_3)","decl":{"start":{"line":93,"column":4},"end":{"line":93,"column":5}},"loc":{"start":{"line":93,"column":31},"end":{"line":99,"column":5}},"line":93},"4":{"name":"(anonymous_4)","decl":{"start":{"line":101,"column":4},"end":{"line":101,"column":5}},"loc":{"start":{"line":101,"column":52},"end":{"line":126,"column":5}},"line":101},"5":{"name":"(anonymous_5)","decl":{"start":{"line":111,"column":50},"end":{"line":111,"column":51}},"loc":{"start":{"line":111,"column":60},"end":{"line":111,"column":91}},"line":111},"6":{"name":"(anonymous_6)","decl":{"start":{"line":117,"column":27},"end":{"line":117,"column":28}},"loc":{"start":{"line":117,"column":40},"end":{"line":117,"column":93}},"line":117},"7":{"name":"(anonymous_7)","decl":{"start":{"line":128,"column":4},"end":{"line":128,"column":5}},"loc":{"start":{"line":128,"column":29},"end":{"line":130,"column":5}},"line":128}},"branchMap":{"0":{"loc":{"start":{"line":44,"column":8},"end":{"line":44,"column":51}},"type":"if","locations":[{"start":{"line":44,"column":8},"end":{"line":44,"column":51}},{"start":{"line":44,"column":8},"end":{"line":44,"column":51}}],"line":44},"1":{"loc":{"start":{"line":67,"column":8},"end":{"line":72,"column":9}},"type":"if","locations":[{"start":{"line":67,"column":8},"end":{"line":72,"column":9}},{"start":{"line":67,"column":8},"end":{"line":72,"column":9}}],"line":67},"2":{"loc":{"start":{"line":69,"column":12},"end":{"line":71,"column":13}},"type":"if","locations":[{"start":{"line":69,"column":12},"end":{"line":71,"column":13}},{"start":{"line":69,"column":12},"end":{"line":71,"column":13}}],"line":69},"3":{"loc":{"start":{"line":96,"column":8},"end":{"line":96,"column":66}},"type":"if","locations":[{"start":{"line":96,"column":8},"end":{"line":96,"column":66}},{"start":{"line":96,"column":8},"end":{"line":96,"column":66}}],"line":96},"4":{"loc":{"start":{"line":101,"column":29},"end":{"line":101,"column":50}},"type":"default-arg","locations":[{"start":{"line":101,"column":48},"end":{"line":101,"column":50}}],"line":101},"5":{"loc":{"start":{"line":107,"column":8},"end":{"line":107,"column":65}},"type":"if","locations":[{"start":{"line":107,"column":8},"end":{"line":107,"column":65}},{"start":{"line":107,"column":8},"end":{"line":107,"column":65}}],"line":107},"6":{"loc":{"start":{"line":113,"column":8},"end":{"line":113,"column":59}},"type":"if","locations":[{"start":{"line":113,"column":8},"end":{"line":113,"column":59}},{"start":{"line":113,"column":8},"end":{"line":113,"column":59}}],"line":113},"7":{"loc":{"start":{"line":123,"column":8},"end":{"line":123,"column":60}},"type":"if","locations":[{"start":{"line":123,"column":8},"end":{"line":123,"column":60}},{"start":{"line":123,"column":8},"end":{"line":123,"column":60}}],"line":123}},"s":{"0":2,"1":2,"2":11,"3":11,"4":11,"5":2,"6":1,"7":1,"8":1,"9":1,"10":1,"11":1,"12":1,"13":2,"14":2,"15":1,"16":1,"17":4,"18":4,"19":4,"20":1,"21":3,"22":3,"23":4,"24":3,"25":1,"26":2,"27":2,"28":2,"29":2,"30":1,"31":1,"32":2,"33":2},"f":{"0":11,"1":2,"2":1,"3":2,"4":4,"5":4,"6":2,"7":2},"b":{"0":[1,1],"1":[1,0],"2":[1,0],"3":[1,1],"4":[1],"5":[1,3],"6":[1,2],"7":[1,1]},"_coverageSchema":"43e27e138ebf9cfc5966b082cf9a028302ed4184","hash":"ac931ee0c3d2e021303f92fcd042e507a3a5a66c"}
,"D:\\Professional Applications\\Task-App-Refactored\\Task-App-Refactored-Custom-Auth\\src\\services\\UserService.js": {"path":"D:\\Professional Applications\\Task-App-Refactored\\Task-App-Refactored-Custom-Auth\\src\\services\\UserService.js","statementMap":{"0":{"start":{"line":19,"column":21},"end":{"line":19,"column":38}},"1":{"start":{"line":22,"column":24},"end":{"line":22,"column":62}},"2":{"start":{"line":25,"column":72},"end":{"line":25,"column":111}},"3":{"start":{"line":42,"column":8},"end":{"line":42,"column":16}},"4":{"start":{"line":44,"column":8},"end":{"line":44,"column":45}},"5":{"start":{"line":45,"column":8},"end":{"line":45,"column":59}},"6":{"start":{"line":46,"column":8},"end":{"line":46,"column":47}},"7":{"start":{"line":47,"column":8},"end":{"line":47,"column":53}},"8":{"start":{"line":48,"column":8},"end":{"line":48,"column":53}},"9":{"start":{"line":49,"column":8},"end":{"line":49,"column":35}},"10":{"start":{"line":50,"column":8},"end":{"line":50,"column":31}},"11":{"start":{"line":71,"column":8},"end":{"line":105,"column":9}},"12":{"start":{"line":73,"column":12},"end":{"line":73,"column":77}},"13":{"start":{"line":73,"column":49},"end":{"line":73,"column":77}},"14":{"start":{"line":76,"column":35},"end":{"line":76,"column":85}},"15":{"start":{"line":79,"column":30},"end":{"line":83,"column":13}},"16":{"start":{"line":86,"column":33},"end":{"line":86,"column":76}},"17":{"start":{"line":92,"column":26},"end":{"line":92,"column":88}},"18":{"start":{"line":95,"column":34},"end":{"line":95,"column":101}},"19":{"start":{"line":97,"column":12},"end":{"line":100,"column":14}},"20":{"start":{"line":102,"column":12},"end":{"line":102,"column":117}},"21":{"start":{"line":102,"column":36},"end":{"line":102,"column":117}},"22":{"start":{"line":103,"column":12},"end":{"line":103,"column":37}},"23":{"start":{"line":103,"column":27},"end":{"line":103,"column":37}},"24":{"start":{"line":104,"column":12},"end":{"line":104,"column":82}},"25":{"start":{"line":128,"column":8},"end":{"line":128,"column":61}},"26":{"start":{"line":128,"column":33},"end":{"line":128,"column":61}},"27":{"start":{"line":131,"column":21},"end":{"line":131,"column":69}},"28":{"start":{"line":134,"column":32},"end":{"line":137,"column":17}},"29":{"start":{"line":140,"column":8},"end":{"line":140,"column":62}},"30":{"start":{"line":140,"column":30},"end":{"line":140,"column":62}},"31":{"start":{"line":143,"column":22},"end":{"line":143,"column":76}},"32":{"start":{"line":146,"column":30},"end":{"line":146,"column":89}},"33":{"start":{"line":149,"column":8},"end":{"line":152,"column":10}},"34":{"start":{"line":168,"column":8},"end":{"line":168,"column":108}},"35":{"start":{"line":182,"column":8},"end":{"line":182,"column":104}},"36":{"start":{"line":200,"column":21},"end":{"line":200,"column":65}},"37":{"start":{"line":203,"column":8},"end":{"line":203,"column":53}},"38":{"start":{"line":203,"column":19},"end":{"line":203,"column":53}},"39":{"start":{"line":206,"column":8},"end":{"line":206,"column":76}},"40":{"start":{"line":206,"column":31},"end":{"line":206,"column":76}},"41":{"start":{"line":208,"column":8},"end":{"line":208,"column":41}},"42":{"start":{"line":218,"column":8},"end":{"line":218,"column":54}},"43":{"start":{"line":242,"column":29},"end":{"line":242,"column":31}},"44":{"start":{"line":243,"column":27},"end":{"line":243,"column":56}},"45":{"start":{"line":246,"column":8},"end":{"line":246,"column":83}},"46":{"start":{"line":246,"column":37},"end":{"line":246,"column":83}},"47":{"start":{"line":249,"column":31},"end":{"line":249,"column":67}},"48":{"start":{"line":250,"column":33},"end":{"line":250,"column":92}},"49":{"start":{"line":250,"column":60},"end":{"line":250,"column":91}},"50":{"start":{"line":252,"column":8},"end":{"line":252,"column":59}},"51":{"start":{"line":252,"column":31},"end":{"line":252,"column":59}},"52":{"start":{"line":256,"column":8},"end":{"line":256,"column":95}},"53":{"start":{"line":256,"column":40},"end":{"line":256,"column":93}},"54":{"start":{"line":259,"column":8},"end":{"line":261,"column":9}},"55":{"start":{"line":260,"column":12},"end":{"line":260,"column":95}},"56":{"start":{"line":263,"column":8},"end":{"line":263,"column":110}},"57":{"start":{"line":281,"column":8},"end":{"line":281,"column":69}},"58":{"start":{"line":301,"column":24},"end":{"line":301,"column":41}},"59":{"start":{"line":304,"column":23},"end":{"line":304,"column":93}},"60":{"start":{"line":307,"column":28},"end":{"line":307,"column":30}},"61":{"start":{"line":310,"column":8},"end":{"line":313,"column":11}},"62":{"start":{"line":311,"column":12},"end":{"line":311,"column":113}},"63":{"start":{"line":312,"column":12},"end":{"line":312,"column":43}},"64":{"start":{"line":312,"column":25},"end":{"line":312,"column":43}},"65":{"start":{"line":316,"column":28},"end":{"line":316,"column":88}},"66":{"start":{"line":318,"column":8},"end":{"line":318,"column":48}},"67":{"start":{"line":335,"column":53},"end":{"line":335,"column":65}},"68":{"start":{"line":336,"column":35},"end":{"line":336,"column":94}},"69":{"start":{"line":339,"column":8},"end":{"line":341,"column":9}},"70":{"start":{"line":340,"column":12},"end":{"line":340,"column":45}},"71":{"start":{"line":344,"column":8},"end":{"line":345,"column":110}},"72":{"start":{"line":345,"column":27},"end":{"line":345,"column":107}},"73":{"start":{"line":348,"column":8},"end":{"line":348,"column":104}},"74":{"start":{"line":364,"column":8},"end":{"line":374,"column":9}},"75":{"start":{"line":365,"column":25},"end":{"line":365,"column":63}},"76":{"start":{"line":367,"column":12},"end":{"line":367,"column":57}},"77":{"start":{"line":367,"column":23},"end":{"line":367,"column":57}},"78":{"start":{"line":369,"column":12},"end":{"line":369,"column":98}},"79":{"start":{"line":371,"column":12},"end":{"line":371,"column":36}},"80":{"start":{"line":373,"column":12},"end":{"line":373,"column":46}},"81":{"start":{"line":393,"column":51},"end":{"line":393,"column":55}},"82":{"start":{"line":394,"column":8},"end":{"line":394,"column":25}},"83":{"start":{"line":410,"column":29},"end":{"line":410,"column":66}},"84":{"start":{"line":411,"column":8},"end":{"line":414,"column":10}},"85":{"start":{"line":431,"column":34},"end":{"line":431,"column":36}},"86":{"start":{"line":434,"column":8},"end":{"line":440,"column":11}},"87":{"start":{"line":435,"column":12},"end":{"line":439,"column":40}},"88":{"start":{"line":442,"column":8},"end":{"line":442,"column":33}},"89":{"start":{"line":446,"column":0},"end":{"line":446,"column":29}}},"fnMap":{"0":{"name":"(anonymous_0)","decl":{"start":{"line":30,"column":4},"end":{"line":30,"column":5}},"loc":{"start":{"line":40,"column":6},"end":{"line":51,"column":5}},"line":40},"1":{"name":"(anonymous_1)","decl":{"start":{"line":70,"column":4},"end":{"line":70,"column":5}},"loc":{"start":{"line":70,"column":39},"end":{"line":106,"column":5}},"line":70},"2":{"name":"(anonymous_2)","decl":{"start":{"line":126,"column":4},"end":{"line":126,"column":5}},"loc":{"start":{"line":126,"column":37},"end":{"line":153,"column":5}},"line":126},"3":{"name":"(anonymous_3)","decl":{"start":{"line":166,"column":4},"end":{"line":166,"column":5}},"loc":{"start":{"line":166,"column":28},"end":{"line":169,"column":5}},"line":166},"4":{"name":"(anonymous_4)","decl":{"start":{"line":180,"column":4},"end":{"line":180,"column":5}},"loc":{"start":{"line":180,"column":26},"end":{"line":183,"column":5}},"line":180},"5":{"name":"(anonymous_5)","decl":{"start":{"line":198,"column":4},"end":{"line":198,"column":5}},"loc":{"start":{"line":198,"column":64},"end":{"line":209,"column":5}},"line":198},"6":{"name":"(anonymous_6)","decl":{"start":{"line":217,"column":4},"end":{"line":217,"column":5}},"loc":{"start":{"line":217,"column":27},"end":{"line":219,"column":5}},"line":217},"7":{"name":"(anonymous_7)","decl":{"start":{"line":240,"column":4},"end":{"line":240,"column":5}},"loc":{"start":{"line":240,"column":44},"end":{"line":264,"column":5}},"line":240},"8":{"name":"(anonymous_8)","decl":{"start":{"line":250,"column":50},"end":{"line":250,"column":51}},"loc":{"start":{"line":250,"column":60},"end":{"line":250,"column":91}},"line":250},"9":{"name":"(anonymous_9)","decl":{"start":{"line":256,"column":27},"end":{"line":256,"column":28}},"loc":{"start":{"line":256,"column":40},"end":{"line":256,"column":93}},"line":256},"10":{"name":"(anonymous_10)","decl":{"start":{"line":277,"column":4},"end":{"line":277,"column":5}},"loc":{"start":{"line":277,"column":23},"end":{"line":282,"column":5}},"line":277},"11":{"name":"(anonymous_11)","decl":{"start":{"line":300,"column":4},"end":{"line":300,"column":5}},"loc":{"start":{"line":300,"column":35},"end":{"line":319,"column":5}},"line":300},"12":{"name":"(anonymous_12)","decl":{"start":{"line":310,"column":23},"end":{"line":310,"column":24}},"loc":{"start":{"line":310,"column":50},"end":{"line":313,"column":9}},"line":310},"13":{"name":"(anonymous_13)","decl":{"start":{"line":334,"column":4},"end":{"line":334,"column":5}},"loc":{"start":{"line":334,"column":29},"end":{"line":349,"column":5}},"line":334},"14":{"name":"(anonymous_14)","decl":{"start":{"line":345,"column":17},"end":{"line":345,"column":18}},"loc":{"start":{"line":345,"column":27},"end":{"line":345,"column":107}},"line":345},"15":{"name":"(anonymous_15)","decl":{"start":{"line":363,"column":4},"end":{"line":363,"column":5}},"loc":{"start":{"line":363,"column":40},"end":{"line":375,"column":5}},"line":363},"16":{"name":"(anonymous_16)","decl":{"start":{"line":391,"column":4},"end":{"line":391,"column":5}},"loc":{"start":{"line":391,"column":37},"end":{"line":395,"column":5}},"line":391},"17":{"name":"(anonymous_17)","decl":{"start":{"line":409,"column":4},"end":{"line":409,"column":5}},"loc":{"start":{"line":409,"column":25},"end":{"line":415,"column":5}},"line":409},"18":{"name":"(anonymous_18)","decl":{"start":{"line":429,"column":4},"end":{"line":429,"column":5}},"loc":{"start":{"line":429,"column":69},"end":{"line":443,"column":5}},"line":429},"19":{"name":"(anonymous_19)","decl":{"start":{"line":434,"column":49},"end":{"line":434,"column":50}},"loc":{"start":{"line":434,"column":56},"end":{"line":440,"column":9}},"line":434}},"branchMap":{"0":{"loc":{"start":{"line":70,"column":24},"end":{"line":70,"column":37}},"type":"default-arg","locations":[{"start":{"line":70,"column":35},"end":{"line":70,"column":37}}],"line":70},"1":{"loc":{"start":{"line":73,"column":12},"end":{"line":73,"column":77}},"type":"if","locations":[{"start":{"line":73,"column":12},"end":{"line":73,"column":77}},{"start":{"line":73,"column":12},"end":{"line":73,"column":77}}],"line":73},"2":{"loc":{"start":{"line":73,"column":16},"end":{"line":73,"column":47}},"type":"binary-expr","locations":[{"start":{"line":73,"column":16},"end":{"line":73,"column":25}},{"start":{"line":73,"column":29},"end":{"line":73,"column":47}}],"line":73},"3":{"loc":{"start":{"line":102,"column":12},"end":{"line":102,"column":117}},"type":"if","locations":[{"start":{"line":102,"column":12},"end":{"line":102,"column":117}},{"start":{"line":102,"column":12},"end":{"line":102,"column":117}}],"line":102},"4":{"loc":{"start":{"line":103,"column":12},"end":{"line":103,"column":37}},"type":"if","locations":[{"start":{"line":103,"column":12},"end":{"line":103,"column":37}},{"start":{"line":103,"column":12},"end":{"line":103,"column":37}}],"line":103},"5":{"loc":{"start":{"line":104,"column":18},"end":{"line":104,"column":81}},"type":"cond-expr","locations":[{"start":{"line":104,"column":51},"end":{"line":104,"column":75}},{"start":{"line":104,"column":78},"end":{"line":104,"column":81}}],"line":104},"6":{"loc":{"start":{"line":128,"column":8},"end":{"line":128,"column":61}},"type":"if","locations":[{"start":{"line":128,"column":8},"end":{"line":128,"column":61}},{"start":{"line":128,"column":8},"end":{"line":128,"column":61}}],"line":128},"7":{"loc":{"start":{"line":128,"column":12},"end":{"line":128,"column":31}},"type":"binary-expr","locations":[{"start":{"line":128,"column":12},"end":{"line":128,"column":18}},{"start":{"line":128,"column":22},"end":{"line":128,"column":31}}],"line":128},"8":{"loc":{"start":{"line":134,"column":32},"end":{"line":137,"column":17}},"type":"cond-expr","locations":[{"start":{"line":136,"column":12},"end":{"line":136,"column":71}},{"start":{"line":137,"column":12},"end":{"line":137,"column":17}}],"line":134},"9":{"loc":{"start":{"line":134,"column":32},"end":{"line":134,"column":53}},"type":"binary-expr","locations":[{"start":{"line":134,"column":32},"end":{"line":134,"column":36}},{"start":{"line":134,"column":40},"end":{"line":134,"column":53}}],"line":134},"10":{"loc":{"start":{"line":140,"column":8},"end":{"line":140,"column":62}},"type":"if","locations":[{"start":{"line":140,"column":8},"end":{"line":140,"column":62}},{"start":{"line":140,"column":8},"end":{"line":140,"column":62}}],"line":140},"11":{"loc":{"start":{"line":198,"column":37},"end":{"line":198,"column":62}},"type":"default-arg","locations":[{"start":{"line":198,"column":57},"end":{"line":198,"column":62}}],"line":198},"12":{"loc":{"start":{"line":203,"column":8},"end":{"line":203,"column":53}},"type":"if","locations":[{"start":{"line":203,"column":8},"end":{"line":203,"column":53}},{"start":{"line":203,"column":8},"end":{"line":203,"column":53}}],"line":203},"13":{"loc":{"start":{"line":206,"column":8},"end":{"line":206,"column":76}},"type":"if","locations":[{"start":{"line":206,"column":8},"end":{"line":206,"column":76}},{"start":{"line":206,"column":8},"end":{"line":206,"column":76}}],"line":206},"14":{"loc":{"start":{"line":240,"column":21},"end":{"line":240,"column":42}},"type":"default-arg","locations":[{"start":{"line":240,"column":40},"end":{"line":240,"column":42}}],"line":240},"15":{"loc":{"start":{"line":246,"column":8},"end":{"line":246,"column":83}},"type":"if","locations":[{"start":{"line":246,"column":8},"end":{"line":246,"column":83}},{"start":{"line":246,"column":8},"end":{"line":246,"column":83}}],"line":246},"16":{"loc":{"start":{"line":252,"column":8},"end":{"line":252,"column":59}},"type":"if","locations":[{"start":{"line":252,"column":8},"end":{"line":252,"column":59}},{"start":{"line":252,"column":8},"end":{"line":252,"column":59}}],"line":252},"17":{"loc":{"start":{"line":259,"column":8},"end":{"line":261,"column":9}},"type":"if","locations":[{"start":{"line":259,"column":8},"end":{"line":261,"column":9}},{"start":{"line":259,"column":8},"end":{"line":261,"column":9}}],"line":259},"18":{"loc":{"start":{"line":312,"column":12},"end":{"line":312,"column":43}},"type":"if","locations":[{"start":{"line":312,"column":12},"end":{"line":312,"column":43}},{"start":{"line":312,"column":12},"end":{"line":312,"column":43}}],"line":312},"19":{"loc":{"start":{"line":339,"column":8},"end":{"line":341,"column":9}},"type":"if","locations":[{"start":{"line":339,"column":8},"end":{"line":341,"column":9}},{"start":{"line":339,"column":8},"end":{"line":341,"column":9}}],"line":339},"20":{"loc":{"start":{"line":339,"column":12},"end":{"line":339,"column":105}},"type":"binary-expr","locations":[{"start":{"line":339,"column":12},"end":{"line":339,"column":49}},{"start":{"line":339,"column":53},"end":{"line":339,"column":105}}],"line":339},"21":{"loc":{"start":{"line":367,"column":12},"end":{"line":367,"column":57}},"type":"if","locations":[{"start":{"line":367,"column":12},"end":{"line":367,"column":57}},{"start":{"line":367,"column":12},"end":{"line":367,"column":57}}],"line":367},"22":{"loc":{"start":{"line":435,"column":80},"end":{"line":439,"column":13}},"type":"cond-expr","locations":[{"start":{"line":436,"column":16},"end":{"line":436,"column":40}},{"start":{"line":438,"column":16},"end":{"line":438,"column":80}}],"line":435}},"s":{"0":3,"1":3,"2":3,"3":85,"4":85,"5":85,"6":85,"7":85,"8":85,"9":85,"10":85,"11":10,"12":10,"13":2,"14":8,"15":6,"16":6,"17":2,"18":2,"19":2,"20":8,"21":2,"22":6,"23":1,"24":5,"25":10,"26":3,"27":7,"28":7,"29":7,"30":3,"31":4,"32":4,"33":4,"34":4,"35":4,"36":29,"37":28,"38":1,"39":27,"40":25,"41":2,"42":2,"43":9,"44":9,"45":9,"46":2,"47":7,"48":7,"49":13,"50":7,"51":2,"52":5,"53":11,"54":5,"55":2,"56":5,"57":3,"58":3,"59":3,"60":2,"61":2,"62":6,"63":6,"64":3,"65":2,"66":2,"67":5,"68":5,"69":5,"70":3,"71":2,"72":6,"73":2,"74":5,"75":5,"76":4,"77":1,"78":3,"79":3,"80":2,"81":57,"82":57,"83":31,"84":31,"85":34,"86":34,"87":102,"88":34,"89":3},"f":{"0":85,"1":10,"2":10,"3":4,"4":4,"5":29,"6":2,"7":9,"8":13,"9":11,"10":3,"11":3,"12":6,"13":5,"14":6,"15":5,"16":57,"17":31,"18":34,"19":102},"b":{"0":[1],"1":[2,8],"2":[10,10],"3":[2,6],"4":[1,5],"5":[4,1],"6":[3,7],"7":[10,8],"8":[5,2],"9":[7,5],"10":[3,4],"11":[4],"12":[1,27],"13":[25,2],"14":[2],"15":[2,7],"16":[2,5],"17":[2,3],"18":[3,3],"19":[3,2],"20":[5,4],"21":[1,3],"22":[96,6]},"_coverageSchema":"43e27e138ebf9cfc5966b082cf9a028302ed4184","hash":"01415aef9ebc48330769143b02cd7ccc0ac3fb46"}
}
