TN:
SF:D:\Professional Applications\Task-App-Refactored\Task-App-Refactored-Custom-Auth\src\app.js
FN:27,(anonymous_0)
FNF:1
FNH:1
FNDA:4,(anonymous_0)
DA:10,2
DA:11,2
DA:14,2
DA:17,2
DA:20,2
DA:23,2
DA:24,2
DA:27,2
DA:29,4
DA:32,4
DA:33,4
DA:34,4
DA:37,4
DA:40,4
DA:41,4
DA:44,4
DA:46,4
LF:17
LH:17
BRF:0
BRH:0
end_of_record
TN:
SF:D:\Professional Applications\Task-App-Refactored\Task-App-Refactored-Custom-Auth\src\adapters\AWS\FileStorageAdapter.js
FN:21,(anonymous_0)
FN:50,(anonymous_1)
FN:52,(anonymous_2)
FN:71,(anonymous_3)
FN:80,(anonymous_4)
FN:99,(anonymous_5)
FN:101,(anonymous_6)
FN:109,(anonymous_7)
FN:123,(anonymous_8)
FN:127,(anonymous_9)
FN:145,(anonymous_10)
FNF:11
FNH:11
FNDA:20,(anonymous_0)
FNDA:9,(anonymous_1)
FNDA:9,(anonymous_2)
FNDA:8,(anonymous_3)
FNDA:5,(anonymous_4)
FNDA:7,(anonymous_5)
FNDA:7,(anonymous_6)
FNDA:5,(anonymous_7)
FNDA:69,(anonymous_8)
FNDA:69,(anonymous_9)
FNDA:50,(anonymous_10)
DA:15,4
DA:18,4
DA:23,20
DA:24,20
DA:25,20
DA:30,20
DA:52,9
DA:53,9
DA:56,9
DA:59,9
DA:62,9
DA:65,8
DA:68,7
DA:71,8
DA:74,5
DA:81,5
DA:82,4
DA:101,7
DA:102,7
DA:104,7
DA:106,5
DA:110,5
DA:111,4
DA:127,69
DA:128,69
DA:130,64
DA:134,69
DA:146,50
DA:148,50
DA:150,49
DA:165,4
LF:31
LH:31
BRDA:62,0,0,1
BRDA:62,0,1,8
BRDA:65,1,0,1
BRDA:65,1,1,7
BRDA:68,2,0,1
BRDA:68,2,1,6
BRDA:71,3,0,1
BRDA:71,3,1,5
BRDA:81,4,0,1
BRDA:81,4,1,4
BRDA:104,5,0,2
BRDA:104,5,1,5
BRDA:110,6,0,1
BRDA:110,6,1,4
BRDA:128,7,0,64
BRDA:128,7,1,5
BRDA:148,8,0,1
BRDA:148,8,1,49
BRF:18
BRH:18
end_of_record
TN:
SF:D:\Professional Applications\Task-App-Refactored\Task-App-Refactored-Custom-Auth\src\adapters\sharp\ImageProcessingAdapter.js
FN:17,(anonymous_0)
FN:31,(anonymous_1)
FNF:2
FNH:2
FNDA:7,(anonymous_0)
FNDA:4,(anonymous_1)
DA:9,3
DA:19,7
DA:32,4
DA:33,4
DA:35,1
DA:40,3
LF:6
LH:6
BRF:0
BRH:0
end_of_record
TN:
SF:D:\Professional Applications\Task-App-Refactored\Task-App-Refactored-Custom-Auth\src\api\middleware\handle-errors.js
FN:16,(anonymous_0)
FNF:1
FNH:1
FNDA:26,(anonymous_0)
DA:16,2
DA:18,26
DA:20,26
DA:22,0
DA:24,0
DA:28,2
LF:6
LH:4
BRDA:18,0,0,26
BRDA:18,0,1,0
BRDA:18,1,0,26
BRDA:18,1,1,26
BRDA:18,1,2,26
BRF:5
BRH:4
end_of_record
TN:
SF:D:\Professional Applications\Task-App-Refactored\Task-App-Refactored-Custom-Auth\src\api\middleware\index.js
FNF:0
FNH:0
DA:1,2
DA:2,2
DA:3,2
DA:5,2
LF:4
LH:4
BRF:0
BRH:0
end_of_record
TN:
SF:D:\Professional Applications\Task-App-Refactored\Task-App-Refactored-Custom-Auth\src\api\middleware\strip-bearer-token.js
FN:9,(anonymous_0)
FNF:1
FNH:1
FNDA:37,(anonymous_0)
DA:9,2
DA:10,37
DA:12,37
DA:13,27
DA:16,10
DA:17,10
DA:21,2
LF:7
LH:7
BRF:0
BRH:0
end_of_record
TN:
SF:D:\Professional Applications\Task-App-Refactored\Task-App-Refactored-Custom-Auth\src\api\middleware\verify-auth.js
FN:16,(anonymous_0)
FN:16,(anonymous_1)
FNF:2
FNH:2
FNDA:37,(anonymous_0)
FNDA:37,(anonymous_1)
DA:11,2
DA:14,2
DA:16,37
DA:17,37
DA:19,37
DA:23,25
DA:26,25
DA:27,25
DA:30,25
DA:33,12
DA:37,2
LF:11
LH:11
BRF:0
BRH:0
end_of_record
TN:
SF:D:\Professional Applications\Task-App-Refactored\Task-App-Refactored-Custom-Auth\src\api\routes\task.js
FN:29,(anonymous_0)
FN:29,(anonymous_1)
FN:44,(anonymous_2)
FN:44,(anonymous_3)
FN:74,(anonymous_4)
FN:74,(anonymous_5)
FN:85,(anonymous_6)
FN:85,(anonymous_7)
FN:95,(anonymous_8)
FN:95,(anonymous_9)
FNF:10
FNH:10
FNDA:2,(anonymous_0)
FNDA:2,(anonymous_1)
FNDA:1,(anonymous_2)
FNDA:1,(anonymous_3)
FNDA:2,(anonymous_4)
FNDA:2,(anonymous_5)
FNDA:4,(anonymous_6)
FNDA:4,(anonymous_7)
FNDA:2,(anonymous_8)
FNDA:2,(anonymous_9)
DA:14,2
DA:15,2
DA:18,2
DA:21,2
DA:29,2
DA:30,2
DA:31,1
DA:44,2
DA:45,1
DA:48,1
DA:51,1
DA:52,1
DA:53,1
DA:57,1
DA:65,1
DA:74,2
DA:75,2
DA:76,1
DA:85,4
DA:86,4
DA:87,1
DA:95,2
DA:96,2
DA:97,1
DA:100,2
LF:25
LH:25
BRDA:51,0,0,1
BRDA:51,0,1,0
BRDA:53,1,0,1
BRDA:53,1,1,0
BRDA:58,2,0,1
BRDA:58,2,1,0
BRF:6
BRH:3
end_of_record
TN:
SF:D:\Professional Applications\Task-App-Refactored\Task-App-Refactored-Custom-Auth\src\api\routes\user.js
FN:35,(anonymous_0)
FN:35,(anonymous_1)
FN:46,(anonymous_2)
FN:46,(anonymous_3)
FN:59,(anonymous_4)
FN:59,(anonymous_5)
FN:69,(anonymous_6)
FN:69,(anonymous_7)
FN:80,(anonymous_8)
FN:80,(anonymous_9)
FN:88,(anonymous_10)
FN:88,(anonymous_11)
FN:99,(anonymous_12)
FN:99,(anonymous_13)
FN:111,(anonymous_14)
FN:111,(anonymous_15)
FN:130,(anonymous_16)
FN:130,(anonymous_17)
FN:141,(anonymous_18)
FN:141,(anonymous_19)
FNF:20
FNH:20
FNDA:4,(anonymous_0)
FNDA:4,(anonymous_1)
FNDA:4,(anonymous_2)
FNDA:4,(anonymous_3)
FNDA:1,(anonymous_4)
FNDA:1,(anonymous_5)
FNDA:1,(anonymous_6)
FNDA:1,(anonymous_7)
FNDA:2,(anonymous_8)
FNDA:2,(anonymous_9)
FNDA:5,(anonymous_10)
FNDA:5,(anonymous_11)
FNDA:1,(anonymous_12)
FNDA:1,(anonymous_13)
FNDA:2,(anonymous_14)
FNDA:2,(anonymous_15)
FNDA:2,(anonymous_16)
FNDA:2,(anonymous_17)
FNDA:3,(anonymous_18)
FNDA:3,(anonymous_19)
DA:14,2
DA:15,2
DA:18,2
DA:21,2
DA:24,2
DA:25,2
DA:28,2
DA:35,4
DA:37,4
DA:38,1
DA:46,4
DA:47,4
DA:50,4
DA:51,2
DA:59,2
DA:60,1
DA:61,1
DA:69,2
DA:70,1
DA:71,1
DA:80,2
DA:88,5
DA:89,5
DA:90,4
DA:99,2
DA:100,1
DA:101,1
DA:111,2
DA:113,2
DA:116,1
DA:119,1
DA:120,1
DA:130,2
DA:131,2
DA:132,2
DA:141,3
DA:142,3
DA:143,2
DA:146,2
LF:39
LH:39
BRDA:47,0,0,3
BRDA:47,0,1,1
BRDA:116,1,0,0
BRDA:116,1,1,1
BRDA:119,2,0,1
BRDA:119,2,1,0
BRF:6
BRH:4
end_of_record
TN:
SF:D:\Professional Applications\Task-App-Refactored\Task-App-Refactored-Custom-Auth\src\config\AWS\aws.js
FNF:0
FNH:0
DA:10,2
DA:13,2
DA:15,2
DA:20,2
LF:4
LH:4
BRF:0
BRH:0
end_of_record
TN:
SF:D:\Professional Applications\Task-App-Refactored\Task-App-Refactored-Custom-Auth\src\config\application\config.js
FN:21,(anonymous_0)
FN:24,(anonymous_1)
FN:25,(anonymous_2)
FN:28,(anonymous_3)
FN:32,(anonymous_4)
FN:37,(anonymous_5)
FN:40,(anonymous_6)
FNF:7
FNH:4
FNDA:0,(anonymous_0)
FNDA:2,(anonymous_1)
FNDA:2,(anonymous_2)
FNDA:0,(anonymous_3)
FNDA:0,(anonymous_4)
FNDA:82,(anonymous_5)
FNDA:32,(anonymous_6)
DA:19,4
DA:21,0
DA:24,2
DA:25,2
DA:28,0
DA:32,0
DA:37,82
DA:40,32
DA:45,4
LF:9
LH:6
BRF:0
BRH:0
end_of_record
TN:
SF:D:\Professional Applications\Task-App-Refactored\Task-App-Refactored-Custom-Auth\src\config\busboy\busboy.js
FN:15,(anonymous_0)
FN:15,(anonymous_1)
FN:27,(anonymous_2)
FN:31,(anonymous_3)
FN:41,(anonymous_4)
FNF:5
FNH:4
FNDA:2,(anonymous_0)
FNDA:2,(anonymous_1)
FNDA:2,(anonymous_2)
FNDA:2,(anonymous_3)
FNDA:0,(anonymous_4)
DA:8,2
DA:10,2
DA:15,2
DA:16,2
DA:26,2
DA:28,2
DA:29,2
DA:32,2
DA:34,2
DA:37,2
DA:39,1
DA:42,0
DA:43,0
DA:48,2
DA:49,2
DA:52,2
LF:16
LH:14
BRDA:37,0,0,1
BRDA:37,0,1,1
BRF:2
BRH:2
end_of_record
TN:
SF:D:\Professional Applications\Task-App-Refactored\Task-App-Refactored-Custom-Auth\src\constants\file-storage.js
FNF:0
FNH:0
DA:5,6
DA:11,6
LF:2
LH:2
BRF:0
BRH:0
end_of_record
TN:
SF:D:\Professional Applications\Task-App-Refactored\Task-App-Refactored-Custom-Auth\src\container\container-factory.js
FN:23,(anonymous_0)
FN:68,(anonymous_1)
FN:82,(anonymous_2)
FNF:3
FNH:3
FNDA:4,(anonymous_0)
FNDA:8,(anonymous_1)
FNDA:48,(anonymous_2)
DA:9,2
DA:12,2
DA:13,2
DA:14,2
DA:17,2
DA:20,2
DA:23,2
DA:25,4
DA:30,4
DA:58,4
DA:68,8
DA:72,4
DA:82,48
DA:84,4
LF:14
LH:14
BRF:0
BRH:0
end_of_record
TN:
SF:D:\Professional Applications\Task-App-Refactored\Task-App-Refactored-Custom-Auth\src\custom-exceptions\index.js
FN:32,(anonymous_0)
FN:51,(anonymous_1)
FN:64,(anonymous_2)
FN:81,(anonymous_3)
FN:96,(anonymous_4)
FN:112,(anonymous_5)
FNF:6
FNH:6
FNDA:103,(anonymous_0)
FNDA:103,(anonymous_1)
FNDA:42,(anonymous_2)
FNDA:44,(anonymous_3)
FNDA:15,(anonymous_4)
FNDA:2,(anonymous_5)
DA:33,103
DA:38,103
DA:41,103
DA:42,103
DA:53,103
DA:66,42
DA:67,42
DA:70,42
DA:82,44
DA:85,44
DA:97,15
DA:98,15
DA:101,15
DA:113,2
DA:116,2
DA:120,7
LF:16
LH:16
BRDA:66,0,0,0
BRDA:66,0,1,42
BRDA:82,1,0,40
BRDA:82,1,1,4
BRDA:97,2,0,0
BRDA:97,2,1,15
BRF:6
BRH:4
end_of_record
TN:
SF:D:\Professional Applications\Task-App-Refactored\Task-App-Refactored-Custom-Auth\src\db\mongoose.js
FN:12,(anonymous_0)
FNF:1
FNH:1
FNDA:2,(anonymous_0)
DA:9,2
DA:12,2
LF:2
LH:2
BRF:0
BRH:0
end_of_record
TN:
SF:D:\Professional Applications\Task-App-Refactored\Task-App-Refactored-Custom-Auth\src\models\task.js
FNF:0
FNH:0
DA:10,2
DA:12,2
DA:30,2
DA:32,2
LF:4
LH:4
BRF:0
BRH:0
end_of_record
TN:
SF:D:\Professional Applications\Task-App-Refactored\Task-App-Refactored-Custom-Auth\src\models\user.js
FN:26,(anonymous_0)
FN:40,(anonymous_1)
FNF:2
FNH:2
FNDA:101,(anonymous_0)
FNDA:100,(anonymous_1)
DA:10,3
DA:11,3
DA:14,3
DA:27,101
DA:28,1
DA:41,100
DA:42,0
DA:63,3
DA:65,3
LF:9
LH:8
BRDA:27,0,0,1
BRDA:27,0,1,100
BRDA:41,1,0,0
BRDA:41,1,1,100
BRF:4
BRH:3
end_of_record
TN:
SF:D:\Professional Applications\Task-App-Refactored\Task-App-Refactored-Custom-Auth\src\repositories\TaskRepository.js
FN:6,(anonymous_0)
FN:11,(anonymous_1)
FN:23,(anonymous_2)
FN:26,(anonymous_3)
FN:32,(anonymous_4)
FN:35,(anonymous_5)
FN:41,(anonymous_6)
FN:58,(anonymous_7)
FNF:8
FNH:8
FNDA:11,(anonymous_0)
FNDA:1,(anonymous_1)
FNDA:2,(anonymous_2)
FNDA:1,(anonymous_3)
FNDA:1,(anonymous_4)
FNDA:2,(anonymous_5)
FNDA:2,(anonymous_6)
FNDA:2,(anonymous_7)
DA:3,2
DA:8,11
DA:12,1
DA:14,1
DA:15,1
DA:17,1
DA:19,0
DA:24,2
DA:25,2
DA:26,2
DA:28,0
DA:33,1
DA:34,1
DA:35,2
DA:37,0
DA:42,2
DA:44,2
DA:45,2
DA:47,0
DA:59,2
DA:61,2
DA:64,2
DA:67,1
DA:69,1
DA:71,1
DA:76,2
LF:26
LH:22
BRDA:19,0,0,0
BRDA:19,0,1,0
BRDA:23,1,0,2
BRDA:26,2,0,1
BRDA:26,2,1,0
BRDA:32,3,0,0
BRDA:35,4,0,2
BRDA:35,4,1,0
BRDA:45,5,0,1
BRDA:45,5,1,1
BRDA:47,6,0,0
BRDA:47,6,1,0
BRDA:64,7,0,1
BRDA:64,7,1,1
BRF:14
BRH:7
end_of_record
TN:
SF:D:\Professional Applications\Task-App-Refactored\Task-App-Refactored-Custom-Auth\src\repositories\UserRepository.js
FN:11,(anonymous_0)
FN:29,(anonymous_1)
FN:51,(anonymous_2)
FN:70,(anonymous_3)
FN:90,(anonymous_4)
FN:109,(anonymous_5)
FN:129,(anonymous_6)
FN:146,(anonymous_7)
FN:162,(anonymous_8)
FN:179,(anonymous_9)
FNF:10
FNH:10
FNDA:49,(anonymous_0)
FNDA:8,(anonymous_1)
FNDA:30,(anonymous_2)
FNDA:7,(anonymous_3)
FNDA:5,(anonymous_4)
FNDA:5,(anonymous_5)
FNDA:6,(anonymous_6)
FNDA:31,(anonymous_7)
FNDA:6,(anonymous_8)
FNDA:4,(anonymous_9)
DA:3,4
DA:13,49
DA:30,8
DA:32,8
DA:34,8
DA:36,2
DA:38,6
DA:39,5
DA:52,30
DA:54,30
DA:55,15
DA:57,15
DA:58,14
DA:71,7
DA:73,7
DA:78,3
DA:91,5
DA:93,5
DA:98,3
DA:110,5
DA:112,5
DA:117,3
DA:130,6
DA:132,6
DA:135,3
DA:147,31
DA:148,31
DA:149,30
DA:151,1
DA:163,6
DA:165,6
DA:166,4
DA:168,2
DA:180,4
DA:182,4
DA:185,3
DA:188,2
DA:190,2
DA:192,2
DA:197,4
LF:40
LH:40
BRDA:38,0,0,1
BRDA:38,0,1,5
BRDA:39,1,0,3
BRDA:39,1,1,2
BRDA:57,2,0,1
BRDA:57,2,1,14
BRDA:58,3,0,5
BRDA:58,3,1,9
BRDA:149,4,0,28
BRDA:149,4,1,2
BRDA:166,5,0,3
BRDA:166,5,1,1
BRDA:185,6,0,1
BRDA:185,6,1,2
BRF:14
BRH:14
end_of_record
TN:
SF:D:\Professional Applications\Task-App-Refactored\Task-App-Refactored-Custom-Auth\src\services\AuthenticationService.js
FN:16,(anonymous_0)
FN:27,(anonymous_1)
FN:39,(anonymous_2)
FNF:3
FNH:3
FNDA:48,(anonymous_0)
FNDA:3,(anonymous_1)
FNDA:37,(anonymous_2)
DA:7,3
DA:17,48
DA:29,3
DA:40,37
DA:42,37
DA:44,12
DA:49,3
LF:7
LH:7
BRF:0
BRH:0
end_of_record
TN:
SF:D:\Professional Applications\Task-App-Refactored\Task-App-Refactored-Custom-Auth\src\services\FileProcessingService.js
FN:10,(anonymous_0)
FN:30,(anonymous_1)
FN:39,(anonymous_2)
FN:47,(anonymous_3)
FNF:4
FNH:4
FNDA:48,(anonymous_0)
FNDA:1,(anonymous_1)
FNDA:2,(anonymous_2)
FNDA:2,(anonymous_3)
DA:12,48
DA:31,1
DA:33,1
DA:36,1
DA:39,2
DA:47,1
DA:48,2
DA:55,1
DA:57,0
DA:62,2
LF:10
LH:9
BRF:0
BRH:0
end_of_record
TN:
SF:D:\Professional Applications\Task-App-Refactored\Task-App-Refactored-Custom-Auth\src\services\FileStorageService.js
FN:13,(anonymous_0)
FN:32,(anonymous_1)
FN:37,(anonymous_2)
FNF:3
FNH:3
FNDA:48,(anonymous_0)
FNDA:1,(anonymous_1)
FNDA:3,(anonymous_2)
DA:10,3
DA:15,48
DA:16,48
DA:34,1
DA:37,3
DA:47,3
LF:6
LH:6
BRF:0
BRH:0
end_of_record
TN:
SF:D:\Professional Applications\Task-App-Refactored\Task-App-Refactored-Custom-Auth\src\services\PasswordService.js
FN:10,(anonymous_0)
FN:23,(anonymous_1)
FN:35,(anonymous_2)
FNF:3
FNH:3
FNDA:48,(anonymous_0)
FNDA:5,(anonymous_1)
FNDA:2,(anonymous_2)
DA:12,48
DA:24,5
DA:38,2
DA:42,3
LF:4
LH:4
BRDA:23,0,0,5
BRF:1
BRH:1
end_of_record
TN:
SF:D:\Professional Applications\Task-App-Refactored\Task-App-Refactored-Custom-Auth\src\services\TaskService.js
FN:23,(anonymous_0)
FN:43,(anonymous_1)
FN:63,(anonymous_2)
FN:93,(anonymous_3)
FN:101,(anonymous_4)
FN:111,(anonymous_5)
FN:117,(anonymous_6)
FN:128,(anonymous_7)
FNF:8
FNH:8
FNDA:11,(anonymous_0)
FNDA:2,(anonymous_1)
FNDA:1,(anonymous_2)
FNDA:2,(anonymous_3)
FNDA:4,(anonymous_4)
FNDA:4,(anonymous_5)
FNDA:2,(anonymous_6)
FNDA:2,(anonymous_7)
DA:19,2
DA:20,2
DA:25,11
DA:27,11
DA:28,11
DA:44,2
DA:47,1
DA:65,1
DA:67,1
DA:69,1
DA:70,1
DA:75,1
DA:94,2
DA:96,2
DA:98,1
DA:103,4
DA:104,4
DA:107,4
DA:110,3
DA:111,4
DA:113,3
DA:117,2
DA:119,2
DA:123,2
DA:125,1
DA:129,2
DA:132,2
LF:27
LH:27
BRDA:44,0,0,1
BRDA:44,0,1,1
BRDA:67,1,0,1
BRDA:67,1,1,0
BRDA:69,2,0,1
BRDA:69,2,1,0
BRDA:96,3,0,1
BRDA:96,3,1,1
BRDA:101,4,0,1
BRDA:107,5,0,1
BRDA:107,5,1,3
BRDA:113,6,0,1
BRDA:113,6,1,2
BRDA:123,7,0,1
BRDA:123,7,1,1
BRF:15
BRH:13
end_of_record
TN:
SF:D:\Professional Applications\Task-App-Refactored\Task-App-Refactored-Custom-Auth\src\services\UserService.js
FN:30,(anonymous_0)
FN:70,(anonymous_1)
FN:126,(anonymous_2)
FN:166,(anonymous_3)
FN:180,(anonymous_4)
FN:198,(anonymous_5)
FN:217,(anonymous_6)
FN:240,(anonymous_7)
FN:250,(anonymous_8)
FN:256,(anonymous_9)
FN:277,(anonymous_10)
FN:300,(anonymous_11)
FN:310,(anonymous_12)
FN:334,(anonymous_13)
FN:345,(anonymous_14)
FN:363,(anonymous_15)
FN:391,(anonymous_16)
FN:409,(anonymous_17)
FN:429,(anonymous_18)
FN:434,(anonymous_19)
FNF:20
FNH:20
FNDA:85,(anonymous_0)
FNDA:10,(anonymous_1)
FNDA:10,(anonymous_2)
FNDA:4,(anonymous_3)
FNDA:4,(anonymous_4)
FNDA:29,(anonymous_5)
FNDA:2,(anonymous_6)
FNDA:9,(anonymous_7)
FNDA:13,(anonymous_8)
FNDA:11,(anonymous_9)
FNDA:3,(anonymous_10)
FNDA:3,(anonymous_11)
FNDA:6,(anonymous_12)
FNDA:5,(anonymous_13)
FNDA:6,(anonymous_14)
FNDA:5,(anonymous_15)
FNDA:57,(anonymous_16)
FNDA:31,(anonymous_17)
FNDA:34,(anonymous_18)
FNDA:102,(anonymous_19)
DA:19,3
DA:22,3
DA:25,3
DA:42,85
DA:44,85
DA:45,85
DA:46,85
DA:47,85
DA:48,85
DA:49,85
DA:50,85
DA:71,10
DA:73,10
DA:76,8
DA:79,6
DA:86,6
DA:92,2
DA:95,2
DA:97,2
DA:102,8
DA:103,6
DA:104,5
DA:128,10
DA:131,7
DA:134,7
DA:140,7
DA:143,4
DA:146,4
DA:149,4
DA:168,4
DA:182,4
DA:200,29
DA:203,28
DA:206,27
DA:208,2
DA:218,2
DA:242,9
DA:243,9
DA:246,9
DA:249,7
DA:250,13
DA:252,7
DA:256,11
DA:259,5
DA:260,2
DA:263,5
DA:281,3
DA:301,3
DA:304,3
DA:307,2
DA:310,2
DA:311,6
DA:312,6
DA:316,2
DA:318,2
DA:335,5
DA:336,5
DA:339,5
DA:340,3
DA:344,2
DA:345,6
DA:348,2
DA:364,5
DA:365,5
DA:367,4
DA:369,3
DA:371,3
DA:373,2
DA:393,57
DA:394,57
DA:410,31
DA:411,31
DA:431,34
DA:434,34
DA:435,102
DA:442,34
DA:446,3
LF:77
LH:77
BRDA:70,0,0,1
BRDA:73,1,0,2
BRDA:73,1,1,8
BRDA:73,2,0,10
BRDA:73,2,1,10
BRDA:102,3,0,2
BRDA:102,3,1,6
BRDA:103,4,0,1
BRDA:103,4,1,5
BRDA:104,5,0,4
BRDA:104,5,1,1
BRDA:128,6,0,3
BRDA:128,6,1,7
BRDA:128,7,0,10
BRDA:128,7,1,8
BRDA:134,8,0,5
BRDA:134,8,1,2
BRDA:134,9,0,7
BRDA:134,9,1,5
BRDA:140,10,0,3
BRDA:140,10,1,4
BRDA:198,11,0,4
BRDA:203,12,0,1
BRDA:203,12,1,27
BRDA:206,13,0,25
BRDA:206,13,1,2
BRDA:240,14,0,2
BRDA:246,15,0,2
BRDA:246,15,1,7
BRDA:252,16,0,2
BRDA:252,16,1,5
BRDA:259,17,0,2
BRDA:259,17,1,3
BRDA:312,18,0,3
BRDA:312,18,1,3
BRDA:339,19,0,3
BRDA:339,19,1,2
BRDA:339,20,0,5
BRDA:339,20,1,4
BRDA:367,21,0,1
BRDA:367,21,1,3
BRDA:435,22,0,96
BRDA:435,22,1,6
BRF:43
BRH:43
end_of_record
